<?xml version="1.0" encoding="UTF-8"?>
<!-- Generated by org.testng.reporters.JUnitXMLReporter -->
<testsuite hostname="MS-DT-056" name="SanityTest_PaymentMethods" tests="1" failures="1" timestamp="1 Jun 2016 14:35:54 GMT" time="150.358" errors="0">
  <testcase name="PaymentMethods_Verification" time="144.882" classname="SanityTest.PaymentMethods_Verification_Test">
    <failure type="java.lang.AssertionError" message="expected [17123] but found [17122]">
      <![CDATA[java.lang.AssertionError: expected [17123] but found [17122]
	at POM.ShoppingCartPage.cart(ShoppingCartPage.java:140)
	at POM.HomePage.SelectProductsforKartVerification(HomePage.java:360)
	at SanityTest.PaymentMethods_Verification_Test.PaymentMethods_Verification(PaymentMethods_Verification_Test.java:25)
... Removed 30 stack frames]]>
    </failure>
  </testcase> <!-- PaymentMethods_Verification -->
</testsuite> <!-- SanityTest_PaymentMethods -->
