<?xml version="1.0" encoding="UTF-8"?>
<!-- Generated by org.testng.reporters.JUnitXMLReporter -->
<testsuite hostname="MS-DT-056" name="SanityTest_cartPage" tests="1" failures="1" timestamp="1 Jun 2016 12:00:17 GMT" time="158.28" errors="0">
  <testcase name="ServiceChargeCalculation_KartPage" time="153.064" classname="SanityTest.ServiceChargeCalculation_KartPage_Test">
    <failure type="java.lang.AssertionError" message="expected [17123] but found [17122]">
      <![CDATA[java.lang.AssertionError: expected [17123] but found [17122]
	at POM.ShoppingCartPage.cart(ShoppingCartPage.java:140)
	at POM.HomePage.SelectProductsforKartVerification(HomePage.java:360)
	at SanityTest.ServiceChargeCalculation_KartPage_Test.ServiceChargeCalculation_KartPage(ServiceChargeCalculation_KartPage_Test.java:36)
... Removed 33 stack frames]]>
    </failure>
  </testcase> <!-- ServiceChargeCalculation_KartPage -->
</testsuite> <!-- SanityTest_cartPage -->
