<!DOCTYPE html PUBLIC "-//W3C//DTD XHTML 1.1//EN" "http://www.w3.org/TR/xhtml11/DTD/xhtml11.dtd">
<html xmlns="http://www.w3.org/1999/xhtml"><head><title>TestNG Report</title><style type="text/css">table {margin-bottom:10px;border-collapse:collapse;empty-cells:show}th,td {border:1px solid #009;padding:.25em .5em}th {vertical-align:bottom}td {vertical-align:top}table a {font-weight:bold}.stripe td {background-color: #E6EBF9}.num {text-align:right}.passedodd td {background-color: #3F3}.passedeven td {background-color: #0A0}.skippedodd td {background-color: #DDD}.skippedeven td {background-color: #CCC}.failedodd td,.attn {background-color: #F33}.failedeven td,.stripe .attn {background-color: #D00}.stacktrace {white-space:pre;font-family:monospace}.totop {font-size:85%;text-align:center;border-bottom:2px solid #000}</style></head><body><table><tr><th>Test</th><th># Passed</th><th># Skipped</th><th># Failed</th><th>Time (ms)</th><th>Included Groups</th><th>Excluded Groups</th></tr><tr><th colspan="7">EndToEnd</th></tr><tr><td><a href="#t0">SanityTest_HomePage</a></td><td class="num">0</td><td class="num">0</td><td class="num attn">1</td><td class="num">768,316</td><td></td><td></td></tr><tr class="stripe"><td><a href="#t1">SanityTest_AddProducts_To_cart</a></td><td class="num">1</td><td class="num">0</td><td class="num">0</td><td class="num">200,472</td><td></td><td></td></tr><tr><td><a href="#t2">SanityTest</a></td><td class="num">0</td><td class="num">0</td><td class="num attn">1</td><td class="num">75,186</td><td></td><td></td></tr><tr class="stripe"><td><a href="#t3">SanityTest_MOQ_Verification</a></td><td class="num">1</td><td class="num">0</td><td class="num">0</td><td class="num">183,798</td><td></td><td></td></tr><tr><td><a href="#t4">SanityTest_cartPage</a></td><td class="num">0</td><td class="num">0</td><td class="num attn">1</td><td class="num">158,280</td><td></td><td></td></tr><tr class="stripe"><td><a href="#t5">SanityTest_PaymentMethods</a></td><td class="num">0</td><td class="num">0</td><td class="num attn">1</td><td class="num">155,955</td><td></td><td></td></tr><tr><th>Total</th><th class="num">2</th><th class="num">0</th><th class="num attn">4</th><th class="num">1,542,007</th><th colspan="2"></th></tr></table><table><thead><tr><th>Class</th><th>Method</th><th>Start</th><th>Time (ms)</th></tr></thead><tbody><tr><th colspan="4">EndToEnd</th></tr></tbody><tbody id="t0"><tr><th colspan="4">SanityTest_HomePage &#8212; failed</th></tr><tr class="failedeven"><td rowspan="1">SanityTest.Homepage_Test</td><td><a href="#m0">HomePage_verification</a></td><td rowspan="1">1464781036806</td><td rowspan="1">762213</td></tr></tbody><tbody id="t1"><tr><th colspan="4">SanityTest_AddProducts_To_cart &#8212; passed</th></tr><tr class="passedeven"><td rowspan="1">SanityTest.AddProductsToCart_Test</td><td><a href="#m1">AddProduct</a></td><td rowspan="1">1464781805314</td><td rowspan="1">194526</td></tr></tbody><tbody id="t2"><tr><th colspan="4">SanityTest &#8212; failed</th></tr><tr class="failedeven"><td rowspan="1">SanityTest.PlaceOrder_Cheque_Test</td><td><a href="#m2">PlaceOrder_CashOnDelivery</a></td><td rowspan="1">1464782005397</td><td rowspan="1">69683</td></tr></tbody><tbody id="t3"><tr><th colspan="4">SanityTest_MOQ_Verification &#8212; passed</th></tr><tr class="passedeven"><td rowspan="1">SanityTest.Product_MOQ_Verification_Test</td><td><a href="#m3">Product_MOQ_Verification</a></td><td rowspan="1">1464782079550</td><td rowspan="1">179213</td></tr></tbody><tbody id="t4"><tr><th colspan="4">SanityTest_cartPage &#8212; failed</th></tr><tr class="failedeven"><td rowspan="1">SanityTest.ServiceChargeCalculation_KartPage_Test</td><td><a href="#m4">ServiceChargeCalculation_KartPage</a></td><td rowspan="1">1464782264126</td><td rowspan="1">153064</td></tr></tbody><tbody id="t5"><tr><th colspan="4">SanityTest_PaymentMethods &#8212; failed</th></tr><tr class="failedeven"><td rowspan="1">SanityTest.PaymentMethods_Verification_Test</td><td><a href="#m5">PaymentMethods_Verification</a></td><td rowspan="1">1464782421607</td><td rowspan="1">151551</td></tr></tbody></table><h2>SanityTest_HomePage</h2><h3 id="m0">SanityTest.Homepage_Test#HomePage_verification</h3><table class="result"><tr class="param"><th>Parameter #1</th></tr><tr class="param stripe"><td>http://www.msupply.com</td></tr><tr><th>Messages</th></tr><tr><td><div class="messages">Clicked on Close Button - POPUP</div></td></tr><tr><th>Exception</th></tr><tr><td><div class="stacktrace">org.openqa.selenium.NoSuchElementException: Unable to locate element: {&quot;method&quot;:&quot;xpath&quot;,&quot;selector&quot;:&quot;//*[@id=&apos;popzip&apos;]&quot;}
Command duration or timeout: 39.26 seconds
For documentation on this error, please visit: http://seleniumhq.org/exceptions/no_such_element.html
Build info: version: &apos;2.53.0&apos;, revision: &apos;35ae25b1534ae328c771e0856c93e187490ca824&apos;, time: &apos;2016-03-15 10:43:46&apos;
System info: host: &apos;MS-DT-056&apos;, ip: &apos;10.1.2.253&apos;, os.name: &apos;Windows 10&apos;, os.arch: &apos;amd64&apos;, os.version: &apos;10.0&apos;, java.version: &apos;1.8.0_73&apos;
Driver info: org.openqa.selenium.firefox.FirefoxDriver
Capabilities [{applicationCacheEnabled=true, rotatable=false, handlesAlerts=true, databaseEnabled=true, version=46.0.1, platform=WINDOWS, nativeEvents=false, acceptSslCerts=true, webStorageEnabled=true, locationContextEnabled=true, browserName=firefox, takesScreenshot=true, javascriptEnabled=true, cssSelectorsEnabled=true}]
Session ID: f0ebc906-a961-4711-b51b-fcb9faf6eda8
*** Element info: {Using=xpath, value=//*[@id=&apos;popzip&apos;]}
	at org.openqa.selenium.remote.ErrorHandler.createThrowable(ErrorHandler.java:206)
	at org.openqa.selenium.remote.ErrorHandler.throwIfResponseFailed(ErrorHandler.java:158)
	at org.openqa.selenium.remote.RemoteWebDriver.execute(RemoteWebDriver.java:678)
	at org.openqa.selenium.remote.RemoteWebDriver.findElement(RemoteWebDriver.java:363)
	at org.openqa.selenium.remote.RemoteWebDriver.findElementByXPath(RemoteWebDriver.java:500)
	at org.openqa.selenium.By$ByXPath.findElement(By.java:361)
	at org.openqa.selenium.remote.RemoteWebDriver.findElement(RemoteWebDriver.java:355)
	at org.openqa.selenium.support.pagefactory.DefaultElementLocator.findElement(DefaultElementLocator.java:69)
	at org.openqa.selenium.support.pagefactory.internal.LocatingElementHandler.invoke(LocatingElementHandler.java:38)
	at com.sun.proxy.$Proxy6.sendKeys(Unknown Source)
	at POM.HomePage.addCementProductToCart(HomePage.java:933)
	at SanityTest.Homepage_Test.HomePage_verification(Homepage_Test.java:44)
Caused by: org.openqa.selenium.NoSuchElementException: Unable to locate element: {&quot;method&quot;:&quot;xpath&quot;,&quot;selector&quot;:&quot;//*[@id=&apos;popzip&apos;]&quot;}
For documentation on this error, please visit: http://seleniumhq.org/exceptions/no_such_element.html
Build info: version: &apos;2.53.0&apos;, revision: &apos;35ae25b1534ae328c771e0856c93e187490ca824&apos;, time: &apos;2016-03-15 10:43:46&apos;
System info: host: &apos;MS-DT-056&apos;, ip: &apos;10.1.2.253&apos;, os.name: &apos;Windows 10&apos;, os.arch: &apos;amd64&apos;, os.version: &apos;10.0&apos;, java.version: &apos;1.8.0_73&apos;
Driver info: driver.version: unknown
	at &lt;anonymous class&gt;.FirefoxDriver.prototype.findElementInternal_(file:///C:/Users/SANDEE~1/AppData/Local/Temp/anonymous2094387044516580991webdriver-profile/extensions/fxdriver@googlecode.com/components/driver-component.js:10770)
	at &lt;anonymous class&gt;.fxdriver.Timer.prototype.setTimeout/&lt;.notify(file:///C:/Users/SANDEE~1/AppData/Local/Temp/anonymous2094387044516580991webdriver-profile/extensions/fxdriver@googlecode.com/components/driver-component.js:625)
... Removed 31 stack frames</div></td></tr></table><p class="totop"><a href="#summary">back to summary</a></p><h2>SanityTest_AddProducts_To_cart</h2><h3 id="m1">SanityTest.AddProductsToCart_Test#AddProduct</h3><table class="result"><tr class="param"><th>Parameter #1</th></tr><tr class="param stripe"><td>http://www.msupply.com</td></tr><tr><th>Messages</th></tr><tr><td><div class="messages">TestCase - for AddProduct to cart<br/>............Clicked on Close Button on HomePage Popup.........<br/>............Selecting Product from Navigation.........<br/>............Selecting Electrical Product from Search Box.........<br/>Moved to : SearchBox and entering value Electrical<br/>Moved to : Clicked on a Electrical Product<br/>Moved to : zipcode_popup<br/>Clicked on zipcode_popup_Go Button<br/>Moved to : Buildingmaterial_Blocks_ConcreteCover_15mm_AddtoList<br/>............Selecting Electrical Product from Search Box.........<br/>Moved to : SearchBox and entering value Electrical<br/>Moved to : Clicked on a Electrical Product<br/>............Selecting Product from Home page.........<br/>............Click on Home Page Icon.........<br/>............Click on Home Page_Cement product.........<br/>Moved to Account in Home page<br/>Clicked on Login Button<br/>Mobile Number is9555554444<br/>Entered Mobile Number<br/>Password isksandeep<br/>Entered Password<br/>Clicked on Login Button</div></td></tr></table><p class="totop"><a href="#summary">back to summary</a></p><h2>SanityTest</h2><h3 id="m2">SanityTest.PlaceOrder_Cheque_Test#PlaceOrder_CashOnDelivery</h3><table class="result"><tr class="param"><th>Parameter #1</th></tr><tr class="param stripe"><td>http://staging.msupply.com</td></tr><tr><th>Messages</th></tr><tr><td><div class="messages">Testcase - Place Order through Cash on Delivery<br/>............Clicked on Close Button on HomePage Popup.........<br/>............Selecting Product from Navigation.........<br/>............Selecting Electrical Product from Search Box.........<br/>Moved to : SearchBox and entering value Electrical<br/>Moved to : Clicked on a Electrical Product<br/>Moved to : zipcode_popup<br/>Clicked on zipcode_popup_Go Button</div></td></tr><tr><th>Exception</th></tr><tr><td><div class="stacktrace">org.openqa.selenium.NoSuchElementException: Unable to locate element: {&quot;method&quot;:&quot;xpath&quot;,&quot;selector&quot;:&quot;//div[@id=&apos;seller_choosen&apos;]/div/div[3]/button[2]&quot;}
Command duration or timeout: 30.15 seconds
For documentation on this error, please visit: http://seleniumhq.org/exceptions/no_such_element.html
Build info: version: &apos;2.53.0&apos;, revision: &apos;35ae25b1534ae328c771e0856c93e187490ca824&apos;, time: &apos;2016-03-15 10:43:46&apos;
System info: host: &apos;MS-DT-056&apos;, ip: &apos;10.1.2.253&apos;, os.name: &apos;Windows 10&apos;, os.arch: &apos;amd64&apos;, os.version: &apos;10.0&apos;, java.version: &apos;1.8.0_73&apos;
Driver info: org.openqa.selenium.firefox.FirefoxDriver
Capabilities [{applicationCacheEnabled=true, rotatable=false, handlesAlerts=true, databaseEnabled=true, version=46.0.1, platform=WINDOWS, nativeEvents=false, acceptSslCerts=true, webStorageEnabled=true, locationContextEnabled=true, browserName=firefox, takesScreenshot=true, javascriptEnabled=true, cssSelectorsEnabled=true}]
Session ID: 51c77d71-5ab1-4649-9177-15f3d7c7b4dd
*** Element info: {Using=xpath, value=//div[@id=&apos;seller_choosen&apos;]/div/div[3]/button[2]}
	at org.openqa.selenium.remote.ErrorHandler.createThrowable(ErrorHandler.java:206)
	at org.openqa.selenium.remote.ErrorHandler.throwIfResponseFailed(ErrorHandler.java:158)
	at org.openqa.selenium.remote.RemoteWebDriver.execute(RemoteWebDriver.java:678)
	at org.openqa.selenium.remote.RemoteWebDriver.findElement(RemoteWebDriver.java:363)
	at org.openqa.selenium.remote.RemoteWebDriver.findElementByXPath(RemoteWebDriver.java:500)
	at org.openqa.selenium.By$ByXPath.findElement(By.java:361)
	at org.openqa.selenium.remote.RemoteWebDriver.findElement(RemoteWebDriver.java:355)
	at org.openqa.selenium.support.pagefactory.DefaultElementLocator.findElement(DefaultElementLocator.java:69)
	at org.openqa.selenium.support.pagefactory.internal.LocatingElementHandler.invoke(LocatingElementHandler.java:38)
	at com.sun.proxy.$Proxy6.click(Unknown Source)
	at POM.HomePage.SelectProducts(HomePage.java:266)
	at SanityTest.PlaceOrder_Cheque_Test.PlaceOrder_CashOnDelivery(PlaceOrder_Cheque_Test.java:27)
Caused by: org.openqa.selenium.NoSuchElementException: Unable to locate element: {&quot;method&quot;:&quot;xpath&quot;,&quot;selector&quot;:&quot;//div[@id=&apos;seller_choosen&apos;]/div/div[3]/button[2]&quot;}
For documentation on this error, please visit: http://seleniumhq.org/exceptions/no_such_element.html
Build info: version: &apos;2.53.0&apos;, revision: &apos;35ae25b1534ae328c771e0856c93e187490ca824&apos;, time: &apos;2016-03-15 10:43:46&apos;
System info: host: &apos;MS-DT-056&apos;, ip: &apos;10.1.2.253&apos;, os.name: &apos;Windows 10&apos;, os.arch: &apos;amd64&apos;, os.version: &apos;10.0&apos;, java.version: &apos;1.8.0_73&apos;
Driver info: driver.version: unknown
	at &lt;anonymous class&gt;.FirefoxDriver.prototype.findElementInternal_(file:///C:/Users/SANDEE~1/AppData/Local/Temp/anonymous2913977607791058654webdriver-profile/extensions/fxdriver@googlecode.com/components/driver-component.js:10770)
	at &lt;anonymous class&gt;.fxdriver.Timer.prototype.setTimeout/&lt;.notify(file:///C:/Users/SANDEE~1/AppData/Local/Temp/anonymous2913977607791058654webdriver-profile/extensions/fxdriver@googlecode.com/components/driver-component.js:625)
... Removed 31 stack frames</div></td></tr></table><p class="totop"><a href="#summary">back to summary</a></p><h2>SanityTest_MOQ_Verification</h2><h3 id="m3">SanityTest.Product_MOQ_Verification_Test#Product_MOQ_Verification</h3><table class="result"><tr class="param"><th>Parameter #1</th></tr><tr class="param stripe"><td>http://www.msupply.com</td></tr></table><p class="totop"><a href="#summary">back to summary</a></p><h2>SanityTest_cartPage</h2><h3 id="m4">SanityTest.ServiceChargeCalculation_KartPage_Test#ServiceChargeCalculation_KartPage</h3><table class="result"><tr class="param"><th>Parameter #1</th></tr><tr class="param stripe"><td>http://www.msupply.com</td></tr><tr><th>Exception</th></tr><tr><td><div class="stacktrace">java.lang.AssertionError: expected [17123] but found [17122]
	at POM.ShoppingCartPage.cart(ShoppingCartPage.java:140)
	at POM.HomePage.SelectProductsforKartVerification(HomePage.java:360)
	at SanityTest.ServiceChargeCalculation_KartPage_Test.ServiceChargeCalculation_KartPage(ServiceChargeCalculation_KartPage_Test.java:36)
... Removed 33 stack frames</div></td></tr></table><p class="totop"><a href="#summary">back to summary</a></p><h2>SanityTest_PaymentMethods</h2><h3 id="m5">SanityTest.PaymentMethods_Verification_Test#PaymentMethods_Verification</h3><table class="result"><tr class="param"><th>Parameter #1</th></tr><tr class="param stripe"><td>http://www.msupply.com</td></tr><tr><th>Exception</th></tr><tr><td><div class="stacktrace">java.lang.AssertionError: expected [17123] but found [17122]
	at POM.ShoppingCartPage.cart(ShoppingCartPage.java:140)
	at POM.HomePage.SelectProductsforKartVerification(HomePage.java:360)
	at SanityTest.PaymentMethods_Verification_Test.PaymentMethods_Verification(PaymentMethods_Verification_Test.java:25)
... Removed 33 stack frames</div></td></tr></table><p class="totop"><a href="#summary">back to summary</a></p></body></html>