<!DOCTYPE html>

<html>
  <head>
  <meta charset='utf-8'>
  <title>TestNG reports</title>

    <link type="text/css" href="testng-reports.css" rel="stylesheet" />  
    <script type="text/javascript" src="jquery-1.7.1.min.js"></script>
    <script type="text/javascript" src="testng-reports.js"></script>
    <script type="text/javascript" src="https://www.google.com/jsapi"></script>
    <script type='text/javascript'>
      google.load('visualization', '1', {packages:['table']});
      google.setOnLoadCallback(drawTable);
      var suiteTableInitFunctions = new Array();
      var suiteTableData = new Array();
    </script>
    <!--
      <script type="text/javascript" src="jquery-ui/js/jquery-ui-1.8.16.custom.min.js"></script>
     -->
  </head>

  <body>
    <div class="top-banner-root">
      <span class="top-banner-title-font">Test results</span>
      <br/>
      <span class="top-banner-font-1">1 suite, 4 failed tests</span>
    </div> <!-- top-banner-root -->
    <div class="navigator-root">
      <div class="navigator-suite-header">
        <span>All suites</span>
        <a href="#" class="collapse-all-link" title="Collapse/expand all the suites">
          <img class="collapse-all-icon" src="collapseall.gif">
          </img> <!-- collapse-all-icon -->
        </a> <!-- collapse-all-link -->
      </div> <!-- navigator-suite-header -->
      <div class="suite">
        <div class="rounded-window">
          <div class="suite-header light-rounded-window-top">
            <a href="#" class="navigator-link" panel-name="suite-EndToEnd">
              <span class="suite-name border-failed">EndToEnd</span>
            </a> <!-- navigator-link -->
          </div> <!-- suite-header light-rounded-window-top -->
          <div class="navigator-suite-content">
            <div class="suite-section-title">
              <span>Info</span>
            </div> <!-- suite-section-title -->
            <div class="suite-section-content">
              <ul>
                <li>
                  <a href="#" class="navigator-link " panel-name="test-xml-EndToEnd">
                    <span>D:\Git_Selenium_WorkSpace\runnable_test_repo\msupply_5\testng.xml</span>
                  </a> <!-- navigator-link  -->
                </li>
                <li>
                  <a href="#" class="navigator-link " panel-name="testlist-EndToEnd">
                    <span class="test-stats">10 tests</span>
                  </a> <!-- navigator-link  -->
                </li>
                <li>
                  <a href="#" class="navigator-link " panel-name="group-EndToEnd">
                    <span>0 groups</span>
                  </a> <!-- navigator-link  -->
                </li>
                <li>
                  <a href="#" class="navigator-link " panel-name="times-EndToEnd">
                    <span>Times</span>
                  </a> <!-- navigator-link  -->
                </li>
                <li>
                  <a href="#" class="navigator-link " panel-name="reporter-EndToEnd">
                    <span>Reporter output</span>
                  </a> <!-- navigator-link  -->
                </li>
                <li>
                  <a href="#" class="navigator-link " panel-name="ignored-methods-EndToEnd">
                    <span>Ignored methods</span>
                  </a> <!-- navigator-link  -->
                </li>
                <li>
                  <a href="#" class="navigator-link " panel-name="chronological-EndToEnd">
                    <span>Chronological view</span>
                  </a> <!-- navigator-link  -->
                </li>
              </ul>
            </div> <!-- suite-section-content -->
            <div class="result-section">
              <div class="suite-section-title">
                <span>Results</span>
              </div> <!-- suite-section-title -->
              <div class="suite-section-content">
                <ul>
                  <li>
                    <span class="method-stats">6 methods, 4 failed,   2 passed</span>
                  </li>
                  <li>
                    <span class="method-list-title failed">Failed methods</span>
                    <span class="show-or-hide-methods failed">
                      <a href="#" panel-name="suite-EndToEnd" class="hide-methods failed suite-EndToEnd"> (hide)</a> <!-- hide-methods failed suite-EndToEnd -->
                      <a href="#" panel-name="suite-EndToEnd" class="show-methods failed suite-EndToEnd"> (show)</a> <!-- show-methods failed suite-EndToEnd -->
                    </span>
                    <div class="method-list-content failed suite-EndToEnd">
                      <span>
                        <img width="3%" src="failed.png"/>
                        <a href="#" class="method navigator-link" panel-name="suite-EndToEnd" title="SanityTest.Homepage_Test" hash-for-method="HomePage_verification(http://www.msupply.com)">HomePage_verification(http://www.msupply.com)</a> <!-- method navigator-link -->
                      </span>
                      <br/>
                      <span>
                        <img width="3%" src="failed.png"/>
                        <a href="#" class="method navigator-link" panel-name="suite-EndToEnd" title="SanityTest.PaymentMethods_Verification_Test" hash-for-method="PaymentMethods_Verification(http://www.msupply.com)">PaymentMethods_Verification(http://www.msupply.com)</a> <!-- method navigator-link -->
                      </span>
                      <br/>
                      <span>
                        <img width="3%" src="failed.png"/>
                        <a href="#" class="method navigator-link" panel-name="suite-EndToEnd" title="SanityTest.PlaceOrder_Cheque_Test" hash-for-method="PlaceOrder_CashOnDelivery(http://staging.msupply.com)">PlaceOrder_CashOnDelivery(http://staging.msupply.com)</a> <!-- method navigator-link -->
                      </span>
                      <br/>
                      <span>
                        <img width="3%" src="failed.png"/>
                        <a href="#" class="method navigator-link" panel-name="suite-EndToEnd" title="SanityTest.ServiceChargeCalculation_KartPage_Test" hash-for-method="ServiceChargeCalculation_KartPage(http://www.msupply.com)">ServiceChargeCalculation_KartPage(http://www.msupply.com)</a> <!-- method navigator-link -->
                      </span>
                      <br/>
                    </div> <!-- method-list-content failed suite-EndToEnd -->
                  </li>
                  <li>
                    <span class="method-list-title passed">Passed methods</span>
                    <span class="show-or-hide-methods passed">
                      <a href="#" panel-name="suite-EndToEnd" class="hide-methods passed suite-EndToEnd"> (hide)</a> <!-- hide-methods passed suite-EndToEnd -->
                      <a href="#" panel-name="suite-EndToEnd" class="show-methods passed suite-EndToEnd"> (show)</a> <!-- show-methods passed suite-EndToEnd -->
                    </span>
                    <div class="method-list-content passed suite-EndToEnd">
                      <span>
                        <img width="3%" src="passed.png"/>
                        <a href="#" class="method navigator-link" panel-name="suite-EndToEnd" title="SanityTest.AddProductsToCart_Test" hash-for-method="AddProduct(http://www.msupply.com)">AddProduct(http://www.msupply.com)</a> <!-- method navigator-link -->
                      </span>
                      <br/>
                      <span>
                        <img width="3%" src="passed.png"/>
                        <a href="#" class="method navigator-link" panel-name="suite-EndToEnd" title="SanityTest.Product_MOQ_Verification_Test" hash-for-method="Product_MOQ_Verification(http://www.msupply.com)">Product_MOQ_Verification(http://www.msupply.com)</a> <!-- method navigator-link -->
                      </span>
                      <br/>
                    </div> <!-- method-list-content passed suite-EndToEnd -->
                  </li>
                </ul>
              </div> <!-- suite-section-content -->
            </div> <!-- result-section -->
          </div> <!-- navigator-suite-content -->
        </div> <!-- rounded-window -->
      </div> <!-- suite -->
    </div> <!-- navigator-root -->
    <div class="wrapper">
      <div class="main-panel-root">
        <div panel-name="suite-EndToEnd" class="panel EndToEnd">
          <div class="suite-EndToEnd-class-failed">
            <div class="main-panel-header rounded-window-top">
              <img src="failed.png"/>
              <span class="class-name">SanityTest.PlaceOrder_Cheque_Test</span>
            </div> <!-- main-panel-header rounded-window-top -->
            <div class="main-panel-content rounded-window-bottom">
              <div class="method">
                <div class="method-content">
                  <a name="PlaceOrder_CashOnDelivery(http://staging.msupply.com)">
                  </a> <!-- PlaceOrder_CashOnDelivery(http://staging.msupply.com) -->
                  <span class="method-name">PlaceOrder_CashOnDelivery</span>
                  <span class="parameters">(http://staging.msupply.com)</span>
                  <div class="stack-trace">org.openqa.selenium.NoSuchElementException: Unable to locate element: {&quot;method&quot;:&quot;xpath&quot;,&quot;selector&quot;:&quot;//div[@id=&apos;seller_choosen&apos;]/div/div[3]/button[2]&quot;}
Command duration or timeout: 30.02 seconds
For documentation on this error, please visit: http://seleniumhq.org/exceptions/no_such_element.html
Build info: version: &apos;2.53.0&apos;, revision: &apos;35ae25b1534ae328c771e0856c93e187490ca824&apos;, time: &apos;2016-03-15 10:43:46&apos;
System info: host: &apos;MS-DT-056&apos;, ip: &apos;10.1.2.253&apos;, os.name: &apos;Windows 10&apos;, os.arch: &apos;amd64&apos;, os.version: &apos;10.0&apos;, java.version: &apos;1.8.0_73&apos;
Driver info: org.openqa.selenium.firefox.FirefoxDriver
Capabilities [{applicationCacheEnabled=true, rotatable=false, handlesAlerts=true, databaseEnabled=true, version=46.0.1, platform=WINDOWS, nativeEvents=false, acceptSslCerts=true, webStorageEnabled=true, locationContextEnabled=true, browserName=firefox, takesScreenshot=true, javascriptEnabled=true, cssSelectorsEnabled=true}]
Session ID: 8470c458-dae4-46f8-ab45-1cdde1b9e693
*** Element info: {Using=xpath, value=//div[@id=&apos;seller_choosen&apos;]/div/div[3]/button[2]}
	at org.openqa.selenium.remote.ErrorHandler.createThrowable(ErrorHandler.java:206)
	at org.openqa.selenium.remote.ErrorHandler.throwIfResponseFailed(ErrorHandler.java:158)
	at org.openqa.selenium.remote.RemoteWebDriver.execute(RemoteWebDriver.java:678)
	at org.openqa.selenium.remote.RemoteWebDriver.findElement(RemoteWebDriver.java:363)
	at org.openqa.selenium.remote.RemoteWebDriver.findElementByXPath(RemoteWebDriver.java:500)
	at org.openqa.selenium.By$ByXPath.findElement(By.java:361)
	at org.openqa.selenium.remote.RemoteWebDriver.findElement(RemoteWebDriver.java:355)
	at org.openqa.selenium.support.pagefactory.DefaultElementLocator.findElement(DefaultElementLocator.java:69)
	at org.openqa.selenium.support.pagefactory.internal.LocatingElementHandler.invoke(LocatingElementHandler.java:38)
	at com.sun.proxy.$Proxy6.click(Unknown Source)
	at POM.HomePage.SelectProducts(HomePage.java:266)
	at SanityTest.PlaceOrder_Cheque_Test.PlaceOrder_CashOnDelivery(PlaceOrder_Cheque_Test.java:27)
Caused by: org.openqa.selenium.NoSuchElementException: Unable to locate element: {&quot;method&quot;:&quot;xpath&quot;,&quot;selector&quot;:&quot;//div[@id=&apos;seller_choosen&apos;]/div/div[3]/button[2]&quot;}
For documentation on this error, please visit: http://seleniumhq.org/exceptions/no_such_element.html
Build info: version: &apos;2.53.0&apos;, revision: &apos;35ae25b1534ae328c771e0856c93e187490ca824&apos;, time: &apos;2016-03-15 10:43:46&apos;
System info: host: &apos;MS-DT-056&apos;, ip: &apos;10.1.2.253&apos;, os.name: &apos;Windows 10&apos;, os.arch: &apos;amd64&apos;, os.version: &apos;10.0&apos;, java.version: &apos;1.8.0_73&apos;
Driver info: driver.version: unknown
	at &lt;anonymous class&gt;.FirefoxDriver.prototype.findElementInternal_(file:///C:/Users/SANDEE~1/AppData/Local/Temp/anonymous4178822050066659959webdriver-profile/extensions/fxdriver@googlecode.com/components/driver-component.js:10770)
	at &lt;anonymous class&gt;.fxdriver.Timer.prototype.setTimeout/&lt;.notify(file:///C:/Users/SANDEE~1/AppData/Local/Temp/anonymous4178822050066659959webdriver-profile/extensions/fxdriver@googlecode.com/components/driver-component.js:625)
... Removed 31 stack frames
</div> <!-- stack-trace -->
                </div> <!-- method-content -->
              </div> <!-- method -->
            </div> <!-- main-panel-content rounded-window-bottom -->
          </div> <!-- suite-EndToEnd-class-failed -->
          <div class="suite-EndToEnd-class-failed">
            <div class="main-panel-header rounded-window-top">
              <img src="failed.png"/>
              <span class="class-name">SanityTest.Homepage_Test</span>
            </div> <!-- main-panel-header rounded-window-top -->
            <div class="main-panel-content rounded-window-bottom">
              <div class="method">
                <div class="method-content">
                  <a name="HomePage_verification(http://www.msupply.com)">
                  </a> <!-- HomePage_verification(http://www.msupply.com) -->
                  <span class="method-name">HomePage_verification</span>
                  <span class="parameters">(http://www.msupply.com)</span>
                  <div class="stack-trace">org.openqa.selenium.NoSuchElementException: Unable to locate element: {&quot;method&quot;:&quot;xpath&quot;,&quot;selector&quot;:&quot;//*[@id=&apos;popzip&apos;]&quot;}
Command duration or timeout: 37.71 seconds
For documentation on this error, please visit: http://seleniumhq.org/exceptions/no_such_element.html
Build info: version: &apos;2.53.0&apos;, revision: &apos;35ae25b1534ae328c771e0856c93e187490ca824&apos;, time: &apos;2016-03-15 10:43:46&apos;
System info: host: &apos;MS-DT-056&apos;, ip: &apos;10.1.2.253&apos;, os.name: &apos;Windows 10&apos;, os.arch: &apos;amd64&apos;, os.version: &apos;10.0&apos;, java.version: &apos;1.8.0_73&apos;
Driver info: org.openqa.selenium.firefox.FirefoxDriver
Capabilities [{applicationCacheEnabled=true, rotatable=false, handlesAlerts=true, databaseEnabled=true, version=46.0.1, platform=WINDOWS, nativeEvents=false, acceptSslCerts=true, webStorageEnabled=true, locationContextEnabled=true, browserName=firefox, takesScreenshot=true, javascriptEnabled=true, cssSelectorsEnabled=true}]
Session ID: 6607a051-297e-4ecf-9505-2ce7ec20d7a6
*** Element info: {Using=xpath, value=//*[@id=&apos;popzip&apos;]}
	at org.openqa.selenium.remote.ErrorHandler.createThrowable(ErrorHandler.java:206)
	at org.openqa.selenium.remote.ErrorHandler.throwIfResponseFailed(ErrorHandler.java:158)
	at org.openqa.selenium.remote.RemoteWebDriver.execute(RemoteWebDriver.java:678)
	at org.openqa.selenium.remote.RemoteWebDriver.findElement(RemoteWebDriver.java:363)
	at org.openqa.selenium.remote.RemoteWebDriver.findElementByXPath(RemoteWebDriver.java:500)
	at org.openqa.selenium.By$ByXPath.findElement(By.java:361)
	at org.openqa.selenium.remote.RemoteWebDriver.findElement(RemoteWebDriver.java:355)
	at org.openqa.selenium.support.pagefactory.DefaultElementLocator.findElement(DefaultElementLocator.java:69)
	at org.openqa.selenium.support.pagefactory.internal.LocatingElementHandler.invoke(LocatingElementHandler.java:38)
	at com.sun.proxy.$Proxy6.sendKeys(Unknown Source)
	at POM.HomePage.addCementProductToCart(HomePage.java:933)
	at SanityTest.Homepage_Test.HomePage_verification(Homepage_Test.java:44)
Caused by: org.openqa.selenium.NoSuchElementException: Unable to locate element: {&quot;method&quot;:&quot;xpath&quot;,&quot;selector&quot;:&quot;//*[@id=&apos;popzip&apos;]&quot;}
For documentation on this error, please visit: http://seleniumhq.org/exceptions/no_such_element.html
Build info: version: &apos;2.53.0&apos;, revision: &apos;35ae25b1534ae328c771e0856c93e187490ca824&apos;, time: &apos;2016-03-15 10:43:46&apos;
System info: host: &apos;MS-DT-056&apos;, ip: &apos;10.1.2.253&apos;, os.name: &apos;Windows 10&apos;, os.arch: &apos;amd64&apos;, os.version: &apos;10.0&apos;, java.version: &apos;1.8.0_73&apos;
Driver info: driver.version: unknown
	at &lt;anonymous class&gt;.FirefoxDriver.prototype.findElementInternal_(file:///C:/Users/SANDEE~1/AppData/Local/Temp/anonymous6263521375978411305webdriver-profile/extensions/fxdriver@googlecode.com/components/driver-component.js:10770)
	at &lt;anonymous class&gt;.fxdriver.Timer.prototype.setTimeout/&lt;.notify(file:///C:/Users/SANDEE~1/AppData/Local/Temp/anonymous6263521375978411305webdriver-profile/extensions/fxdriver@googlecode.com/components/driver-component.js:625)
... Removed 31 stack frames
</div> <!-- stack-trace -->
                </div> <!-- method-content -->
              </div> <!-- method -->
            </div> <!-- main-panel-content rounded-window-bottom -->
          </div> <!-- suite-EndToEnd-class-failed -->
          <div class="suite-EndToEnd-class-failed">
            <div class="main-panel-header rounded-window-top">
              <img src="failed.png"/>
              <span class="class-name">SanityTest.PaymentMethods_Verification_Test</span>
            </div> <!-- main-panel-header rounded-window-top -->
            <div class="main-panel-content rounded-window-bottom">
              <div class="method">
                <div class="method-content">
                  <a name="PaymentMethods_Verification(http://www.msupply.com)">
                  </a> <!-- PaymentMethods_Verification(http://www.msupply.com) -->
                  <span class="method-name">PaymentMethods_Verification</span>
                  <span class="parameters">(http://www.msupply.com)</span>
                  <div class="stack-trace">java.lang.AssertionError: expected [17123] but found [17122]
	at POM.ShoppingCartPage.cart(ShoppingCartPage.java:140)
	at POM.HomePage.SelectProductsforKartVerification(HomePage.java:360)
	at SanityTest.PaymentMethods_Verification_Test.PaymentMethods_Verification(PaymentMethods_Verification_Test.java:25)
... Removed 33 stack frames
</div> <!-- stack-trace -->
                </div> <!-- method-content -->
              </div> <!-- method -->
            </div> <!-- main-panel-content rounded-window-bottom -->
          </div> <!-- suite-EndToEnd-class-failed -->
          <div class="suite-EndToEnd-class-failed">
            <div class="main-panel-header rounded-window-top">
              <img src="failed.png"/>
              <span class="class-name">SanityTest.ServiceChargeCalculation_KartPage_Test</span>
            </div> <!-- main-panel-header rounded-window-top -->
            <div class="main-panel-content rounded-window-bottom">
              <div class="method">
                <div class="method-content">
                  <a name="ServiceChargeCalculation_KartPage(http://www.msupply.com)">
                  </a> <!-- ServiceChargeCalculation_KartPage(http://www.msupply.com) -->
                  <span class="method-name">ServiceChargeCalculation_KartPage</span>
                  <span class="parameters">(http://www.msupply.com)</span>
                  <div class="stack-trace">java.lang.AssertionError: expected [17123] but found [17122]
	at POM.ShoppingCartPage.cart(ShoppingCartPage.java:140)
	at POM.HomePage.SelectProductsforKartVerification(HomePage.java:360)
	at SanityTest.ServiceChargeCalculation_KartPage_Test.ServiceChargeCalculation_KartPage(ServiceChargeCalculation_KartPage_Test.java:36)
... Removed 33 stack frames
</div> <!-- stack-trace -->
                </div> <!-- method-content -->
              </div> <!-- method -->
            </div> <!-- main-panel-content rounded-window-bottom -->
          </div> <!-- suite-EndToEnd-class-failed -->
          <div class="suite-EndToEnd-class-passed">
            <div class="main-panel-header rounded-window-top">
              <img src="passed.png"/>
              <span class="class-name">SanityTest.AddProductsToCart_Test</span>
            </div> <!-- main-panel-header rounded-window-top -->
            <div class="main-panel-content rounded-window-bottom">
              <div class="method">
                <div class="method-content">
                  <a name="AddProduct(http://www.msupply.com)">
                  </a> <!-- AddProduct(http://www.msupply.com) -->
                  <span class="method-name">AddProduct</span>
                  <span class="parameters">(http://www.msupply.com)</span>
                </div> <!-- method-content -->
              </div> <!-- method -->
            </div> <!-- main-panel-content rounded-window-bottom -->
          </div> <!-- suite-EndToEnd-class-passed -->
          <div class="suite-EndToEnd-class-passed">
            <div class="main-panel-header rounded-window-top">
              <img src="passed.png"/>
              <span class="class-name">SanityTest.Product_MOQ_Verification_Test</span>
            </div> <!-- main-panel-header rounded-window-top -->
            <div class="main-panel-content rounded-window-bottom">
              <div class="method">
                <div class="method-content">
                  <a name="Product_MOQ_Verification(http://www.msupply.com)">
                  </a> <!-- Product_MOQ_Verification(http://www.msupply.com) -->
                  <span class="method-name">Product_MOQ_Verification</span>
                  <span class="parameters">(http://www.msupply.com)</span>
                </div> <!-- method-content -->
              </div> <!-- method -->
            </div> <!-- main-panel-content rounded-window-bottom -->
          </div> <!-- suite-EndToEnd-class-passed -->
        </div> <!-- panel EndToEnd -->
        <div panel-name="test-xml-EndToEnd" class="panel">
          <div class="main-panel-header rounded-window-top">
            <span class="header-content">D:\Git_Selenium_WorkSpace\runnable_test_repo\msupply_5\testng.xml</span>
          </div> <!-- main-panel-header rounded-window-top -->
          <div class="main-panel-content rounded-window-bottom">
            <pre>
&lt;?xml version=&quot;1.0&quot; encoding=&quot;UTF-8&quot;?&gt;
&lt;!DOCTYPE suite SYSTEM &quot;http://testng.org/testng-1.0.dtd&quot;&gt;
&lt;suite guice-stage=&quot;DEVELOPMENT&quot; verbose=&quot;0&quot; name=&quot;EndToEnd&quot;&gt;
  &lt;listeners&gt;
    &lt;listener class-name=&quot;org.uncommons.reportng.HTMLReporter&quot;/&gt;
    &lt;listener class-name=&quot;GenericLibrary.Listener&quot;/&gt;
  &lt;/listeners&gt;
  &lt;test name=&quot;SanityTest_HomePage&quot;&gt;
    &lt;parameter name=&quot;Production_URL&quot; value=&quot;http://www.msupply.com&quot;/&gt;
    &lt;classes&gt;
      &lt;class name=&quot;SanityTest.Homepage_Test&quot;/&gt;
    &lt;/classes&gt;
  &lt;/test&gt; &lt;!-- SanityTest_HomePage --&gt;
  &lt;test name=&quot;SanityTest_AddProducts_To_cart&quot;&gt;
    &lt;parameter name=&quot;Production_URL&quot; value=&quot;http://www.msupply.com&quot;/&gt;
    &lt;classes&gt;
      &lt;class name=&quot;SanityTest.AddProductsToCart_Test&quot;/&gt;
    &lt;/classes&gt;
  &lt;/test&gt; &lt;!-- SanityTest_AddProducts_To_cart --&gt;
  &lt;test name=&quot;SanityTest&quot;&gt;
    &lt;parameter name=&quot;STAGING_URL&quot; value=&quot;http://staging.msupply.com&quot;/&gt;
    &lt;classes&gt;
      &lt;class name=&quot;SanityTest.PlaceOrder_Cheque_Test&quot;/&gt;
    &lt;/classes&gt;
  &lt;/test&gt; &lt;!-- SanityTest --&gt;
  &lt;test name=&quot;SanityTest_MOQ_Verification&quot;&gt;
    &lt;parameter name=&quot;Production_URL&quot; value=&quot;http://www.msupply.com&quot;/&gt;
    &lt;classes&gt;
      &lt;class name=&quot;SanityTest.Product_MOQ_Verification_Test&quot;/&gt;
    &lt;/classes&gt;
  &lt;/test&gt; &lt;!-- SanityTest_MOQ_Verification --&gt;
  &lt;test name=&quot;SanityTest_cartPage&quot;&gt;
    &lt;parameter name=&quot;Production_URL&quot; value=&quot;http://www.msupply.com&quot;/&gt;
    &lt;classes&gt;
      &lt;class name=&quot;SanityTest.ServiceChargeCalculation_KartPage_Test&quot;/&gt;
    &lt;/classes&gt;
  &lt;/test&gt; &lt;!-- SanityTest_cartPage --&gt;
  &lt;test name=&quot;SanityTest_PaymentMethods&quot;&gt;
    &lt;parameter name=&quot;Production_URL&quot; value=&quot;http://www.msupply.com&quot;/&gt;
    &lt;classes&gt;
      &lt;class name=&quot;SanityTest.PaymentMethods_Verification_Test&quot;/&gt;
    &lt;/classes&gt;
  &lt;/test&gt; &lt;!-- SanityTest_PaymentMethods --&gt;
  &lt;test name=&quot;SanityTest_HomePage(failed)&quot;&gt;
    &lt;parameter name=&quot;Production_URL&quot; value=&quot;http://www.msupply.com&quot;/&gt;
    &lt;classes&gt;
      &lt;class name=&quot;SanityTest.PlaceOrder_Cheque_Test&quot;&gt;
        &lt;methods&gt;
          &lt;include name=&quot;beforeTestCofig&quot;/&gt;
          &lt;include name=&quot;tearDown&quot;/&gt;
        &lt;/methods&gt;
      &lt;/class&gt; &lt;!-- SanityTest.PlaceOrder_Cheque_Test --&gt;
      &lt;class name=&quot;SanityTest.AddProductsToCart_Test&quot;&gt;
        &lt;methods&gt;
          &lt;include name=&quot;beforeTestCofig&quot;/&gt;
          &lt;include name=&quot;tearDown&quot;/&gt;
        &lt;/methods&gt;
      &lt;/class&gt; &lt;!-- SanityTest.AddProductsToCart_Test --&gt;
      &lt;class name=&quot;SanityTest.Homepage_Test&quot;&gt;
        &lt;methods&gt;
          &lt;include name=&quot;beforeTestCofig&quot;/&gt;
          &lt;include name=&quot;HomePage_verification&quot; invocation-numbers=&quot;0&quot;/&gt;
          &lt;include name=&quot;tearDown&quot;/&gt;
        &lt;/methods&gt;
      &lt;/class&gt; &lt;!-- SanityTest.Homepage_Test --&gt;
      &lt;class name=&quot;SanityTest.Product_MOQ_Verification_Test&quot;&gt;
        &lt;methods&gt;
          &lt;include name=&quot;beforeTestCofig&quot;/&gt;
          &lt;include name=&quot;tearDown&quot;/&gt;
        &lt;/methods&gt;
      &lt;/class&gt; &lt;!-- SanityTest.Product_MOQ_Verification_Test --&gt;
      &lt;class name=&quot;SanityTest.PaymentMethods_Verification_Test&quot;&gt;
        &lt;methods&gt;
          &lt;include name=&quot;beforeTestCofig&quot;/&gt;
          &lt;include name=&quot;tearDown&quot;/&gt;
        &lt;/methods&gt;
      &lt;/class&gt; &lt;!-- SanityTest.PaymentMethods_Verification_Test --&gt;
      &lt;class name=&quot;SanityTest.ServiceChargeCalculation_KartPage_Test&quot;&gt;
        &lt;methods&gt;
          &lt;include name=&quot;beforeTestCofig&quot;/&gt;
          &lt;include name=&quot;tearDown&quot;/&gt;
        &lt;/methods&gt;
      &lt;/class&gt; &lt;!-- SanityTest.ServiceChargeCalculation_KartPage_Test --&gt;
    &lt;/classes&gt;
  &lt;/test&gt; &lt;!-- SanityTest_HomePage(failed) --&gt;
  &lt;test name=&quot;SanityTest(failed)&quot;&gt;
    &lt;parameter name=&quot;STAGING_URL&quot; value=&quot;http://staging.msupply.com&quot;/&gt;
    &lt;classes&gt;
      &lt;class name=&quot;SanityTest.PlaceOrder_Cheque_Test&quot;&gt;
        &lt;methods&gt;
          &lt;include name=&quot;beforeTestCofig&quot;/&gt;
          &lt;include name=&quot;PlaceOrder_CashOnDelivery&quot; invocation-numbers=&quot;0&quot;/&gt;
          &lt;include name=&quot;tearDown&quot;/&gt;
        &lt;/methods&gt;
      &lt;/class&gt; &lt;!-- SanityTest.PlaceOrder_Cheque_Test --&gt;
      &lt;class name=&quot;SanityTest.AddProductsToCart_Test&quot;&gt;
        &lt;methods&gt;
          &lt;include name=&quot;beforeTestCofig&quot;/&gt;
          &lt;include name=&quot;tearDown&quot;/&gt;
        &lt;/methods&gt;
      &lt;/class&gt; &lt;!-- SanityTest.AddProductsToCart_Test --&gt;
      &lt;class name=&quot;SanityTest.Homepage_Test&quot;&gt;
        &lt;methods&gt;
          &lt;include name=&quot;beforeTestCofig&quot;/&gt;
          &lt;include name=&quot;tearDown&quot;/&gt;
        &lt;/methods&gt;
      &lt;/class&gt; &lt;!-- SanityTest.Homepage_Test --&gt;
      &lt;class name=&quot;SanityTest.Product_MOQ_Verification_Test&quot;&gt;
        &lt;methods&gt;
          &lt;include name=&quot;beforeTestCofig&quot;/&gt;
          &lt;include name=&quot;tearDown&quot;/&gt;
        &lt;/methods&gt;
      &lt;/class&gt; &lt;!-- SanityTest.Product_MOQ_Verification_Test --&gt;
      &lt;class name=&quot;SanityTest.PaymentMethods_Verification_Test&quot;&gt;
        &lt;methods&gt;
          &lt;include name=&quot;beforeTestCofig&quot;/&gt;
          &lt;include name=&quot;tearDown&quot;/&gt;
        &lt;/methods&gt;
      &lt;/class&gt; &lt;!-- SanityTest.PaymentMethods_Verification_Test --&gt;
      &lt;class name=&quot;SanityTest.ServiceChargeCalculation_KartPage_Test&quot;&gt;
        &lt;methods&gt;
          &lt;include name=&quot;beforeTestCofig&quot;/&gt;
          &lt;include name=&quot;tearDown&quot;/&gt;
        &lt;/methods&gt;
      &lt;/class&gt; &lt;!-- SanityTest.ServiceChargeCalculation_KartPage_Test --&gt;
    &lt;/classes&gt;
  &lt;/test&gt; &lt;!-- SanityTest(failed) --&gt;
  &lt;test name=&quot;SanityTest_cartPage(failed)&quot;&gt;
    &lt;parameter name=&quot;Production_URL&quot; value=&quot;http://www.msupply.com&quot;/&gt;
    &lt;classes&gt;
      &lt;class name=&quot;SanityTest.PlaceOrder_Cheque_Test&quot;&gt;
        &lt;methods&gt;
          &lt;include name=&quot;beforeTestCofig&quot;/&gt;
          &lt;include name=&quot;tearDown&quot;/&gt;
        &lt;/methods&gt;
      &lt;/class&gt; &lt;!-- SanityTest.PlaceOrder_Cheque_Test --&gt;
      &lt;class name=&quot;SanityTest.AddProductsToCart_Test&quot;&gt;
        &lt;methods&gt;
          &lt;include name=&quot;beforeTestCofig&quot;/&gt;
          &lt;include name=&quot;tearDown&quot;/&gt;
        &lt;/methods&gt;
      &lt;/class&gt; &lt;!-- SanityTest.AddProductsToCart_Test --&gt;
      &lt;class name=&quot;SanityTest.Homepage_Test&quot;&gt;
        &lt;methods&gt;
          &lt;include name=&quot;beforeTestCofig&quot;/&gt;
          &lt;include name=&quot;tearDown&quot;/&gt;
        &lt;/methods&gt;
      &lt;/class&gt; &lt;!-- SanityTest.Homepage_Test --&gt;
      &lt;class name=&quot;SanityTest.Product_MOQ_Verification_Test&quot;&gt;
        &lt;methods&gt;
          &lt;include name=&quot;beforeTestCofig&quot;/&gt;
          &lt;include name=&quot;tearDown&quot;/&gt;
        &lt;/methods&gt;
      &lt;/class&gt; &lt;!-- SanityTest.Product_MOQ_Verification_Test --&gt;
      &lt;class name=&quot;SanityTest.PaymentMethods_Verification_Test&quot;&gt;
        &lt;methods&gt;
          &lt;include name=&quot;beforeTestCofig&quot;/&gt;
          &lt;include name=&quot;tearDown&quot;/&gt;
        &lt;/methods&gt;
      &lt;/class&gt; &lt;!-- SanityTest.PaymentMethods_Verification_Test --&gt;
      &lt;class name=&quot;SanityTest.ServiceChargeCalculation_KartPage_Test&quot;&gt;
        &lt;methods&gt;
          &lt;include name=&quot;beforeTestCofig&quot;/&gt;
          &lt;include name=&quot;ServiceChargeCalculation_KartPage&quot; invocation-numbers=&quot;0&quot;/&gt;
          &lt;include name=&quot;tearDown&quot;/&gt;
        &lt;/methods&gt;
      &lt;/class&gt; &lt;!-- SanityTest.ServiceChargeCalculation_KartPage_Test --&gt;
    &lt;/classes&gt;
  &lt;/test&gt; &lt;!-- SanityTest_cartPage(failed) --&gt;
  &lt;test name=&quot;SanityTest_PaymentMethods(failed)&quot;&gt;
    &lt;parameter name=&quot;Production_URL&quot; value=&quot;http://www.msupply.com&quot;/&gt;
    &lt;classes&gt;
      &lt;class name=&quot;SanityTest.PlaceOrder_Cheque_Test&quot;&gt;
        &lt;methods&gt;
          &lt;include name=&quot;beforeTestCofig&quot;/&gt;
          &lt;include name=&quot;tearDown&quot;/&gt;
        &lt;/methods&gt;
      &lt;/class&gt; &lt;!-- SanityTest.PlaceOrder_Cheque_Test --&gt;
      &lt;class name=&quot;SanityTest.AddProductsToCart_Test&quot;&gt;
        &lt;methods&gt;
          &lt;include name=&quot;beforeTestCofig&quot;/&gt;
          &lt;include name=&quot;tearDown&quot;/&gt;
        &lt;/methods&gt;
      &lt;/class&gt; &lt;!-- SanityTest.AddProductsToCart_Test --&gt;
      &lt;class name=&quot;SanityTest.Homepage_Test&quot;&gt;
        &lt;methods&gt;
          &lt;include name=&quot;beforeTestCofig&quot;/&gt;
          &lt;include name=&quot;tearDown&quot;/&gt;
        &lt;/methods&gt;
      &lt;/class&gt; &lt;!-- SanityTest.Homepage_Test --&gt;
      &lt;class name=&quot;SanityTest.Product_MOQ_Verification_Test&quot;&gt;
        &lt;methods&gt;
          &lt;include name=&quot;beforeTestCofig&quot;/&gt;
          &lt;include name=&quot;tearDown&quot;/&gt;
        &lt;/methods&gt;
      &lt;/class&gt; &lt;!-- SanityTest.Product_MOQ_Verification_Test --&gt;
      &lt;class name=&quot;SanityTest.PaymentMethods_Verification_Test&quot;&gt;
        &lt;methods&gt;
          &lt;include name=&quot;beforeTestCofig&quot;/&gt;
          &lt;include name=&quot;PaymentMethods_Verification&quot; invocation-numbers=&quot;0&quot;/&gt;
          &lt;include name=&quot;tearDown&quot;/&gt;
        &lt;/methods&gt;
      &lt;/class&gt; &lt;!-- SanityTest.PaymentMethods_Verification_Test --&gt;
      &lt;class name=&quot;SanityTest.ServiceChargeCalculation_KartPage_Test&quot;&gt;
        &lt;methods&gt;
          &lt;include name=&quot;beforeTestCofig&quot;/&gt;
          &lt;include name=&quot;tearDown&quot;/&gt;
        &lt;/methods&gt;
      &lt;/class&gt; &lt;!-- SanityTest.ServiceChargeCalculation_KartPage_Test --&gt;
    &lt;/classes&gt;
  &lt;/test&gt; &lt;!-- SanityTest_PaymentMethods(failed) --&gt;
&lt;/suite&gt; &lt;!-- EndToEnd --&gt;
            </pre>
          </div> <!-- main-panel-content rounded-window-bottom -->
        </div> <!-- panel -->
        <div panel-name="testlist-EndToEnd" class="panel">
          <div class="main-panel-header rounded-window-top">
            <span class="header-content">Tests for EndToEnd</span>
          </div> <!-- main-panel-header rounded-window-top -->
          <div class="main-panel-content rounded-window-bottom">
            <ul>
              <li>
                <span class="test-name">SanityTest_HomePage (1 class)</span>
              </li>
              <li>
                <span class="test-name">SanityTest_AddProducts_To_cart (1 class)</span>
              </li>
              <li>
                <span class="test-name">SanityTest (1 class)</span>
              </li>
              <li>
                <span class="test-name">SanityTest_MOQ_Verification (1 class)</span>
              </li>
              <li>
                <span class="test-name">SanityTest_cartPage (1 class)</span>
              </li>
              <li>
                <span class="test-name">SanityTest_PaymentMethods (1 class)</span>
              </li>
              <li>
                <span class="test-name">SanityTest_HomePage(failed) (6 classes)</span>
              </li>
              <li>
                <span class="test-name">SanityTest(failed) (6 classes)</span>
              </li>
              <li>
                <span class="test-name">SanityTest_cartPage(failed) (6 classes)</span>
              </li>
              <li>
                <span class="test-name">SanityTest_PaymentMethods(failed) (6 classes)</span>
              </li>
            </ul>
          </div> <!-- main-panel-content rounded-window-bottom -->
        </div> <!-- panel -->
        <div panel-name="group-EndToEnd" class="panel">
          <div class="main-panel-header rounded-window-top">
            <span class="header-content">Groups for EndToEnd</span>
          </div> <!-- main-panel-header rounded-window-top -->
          <div class="main-panel-content rounded-window-bottom">
          </div> <!-- main-panel-content rounded-window-bottom -->
        </div> <!-- panel -->
        <div panel-name="times-EndToEnd" class="panel">
          <div class="main-panel-header rounded-window-top">
            <span class="header-content">Times for EndToEnd</span>
          </div> <!-- main-panel-header rounded-window-top -->
          <div class="main-panel-content rounded-window-bottom">
            <div class="times-div">
              <script type="text/javascript">
suiteTableInitFunctions.push('tableData_EndToEnd');
function tableData_EndToEnd() {
var data = new google.visualization.DataTable();
data.addColumn('number', 'Number');
data.addColumn('string', 'Method');
data.addColumn('string', 'Class');
data.addColumn('number', 'Time (ms)');
data.addRows(6);
data.setCell(0, 0, 0)
data.setCell(0, 1, 'HomePage_verification')
data.setCell(0, 2, 'SanityTest.Homepage_Test')
data.setCell(0, 3, 699338);
data.setCell(1, 0, 1)
data.setCell(1, 1, 'AddProduct')
data.setCell(1, 2, 'SanityTest.AddProductsToCart_Test')
data.setCell(1, 3, 175802);
data.setCell(2, 0, 2)
data.setCell(2, 1, 'Product_MOQ_Verification')
data.setCell(2, 2, 'SanityTest.Product_MOQ_Verification_Test')
data.setCell(2, 3, 174846);
data.setCell(3, 0, 3)
data.setCell(3, 1, 'PaymentMethods_Verification')
data.setCell(3, 2, 'SanityTest.PaymentMethods_Verification_Test')
data.setCell(3, 3, 145399);
data.setCell(4, 0, 4)
data.setCell(4, 1, 'ServiceChargeCalculation_KartPage')
data.setCell(4, 2, 'SanityTest.ServiceChargeCalculation_KartPage_Test')
data.setCell(4, 3, 139986);
data.setCell(5, 0, 5)
data.setCell(5, 1, 'PlaceOrder_CashOnDelivery')
data.setCell(5, 2, 'SanityTest.PlaceOrder_Cheque_Test')
data.setCell(5, 3, 67833);
window.suiteTableData['EndToEnd']= { tableData: data, tableDiv: 'times-div-EndToEnd'}
return data;
}
              </script>
              <span class="suite-total-time">Total running time: 23 minutes</span>
              <div id="times-div-EndToEnd">
              </div> <!-- times-div-EndToEnd -->
            </div> <!-- times-div -->
          </div> <!-- main-panel-content rounded-window-bottom -->
        </div> <!-- panel -->
        <div panel-name="reporter-EndToEnd" class="panel">
          <div class="main-panel-header rounded-window-top">
            <span class="header-content">Reporter output for EndToEnd</span>
          </div> <!-- main-panel-header rounded-window-top -->
          <div class="main-panel-content rounded-window-bottom">
            <div class="reporter-method-div">
              <span class="reporter-method-name">HomePage_verification(http://www.msupply.com)</span>
              <div class="reporter-method-output-div">
                <span class="reporter-method-output">Clicked on Close Button - POPUP</span>
              </div> <!-- reporter-method-output-div -->
            </div> <!-- reporter-method-div -->
            <div class="reporter-method-div">
              <span class="reporter-method-name">AddProduct(http://www.msupply.com)</span>
              <div class="reporter-method-output-div">
                <span class="reporter-method-output">TestCase - for AddProduct to cart</span>
                <span class="reporter-method-output">............Clicked on Close Button on HomePage Popup.........</span>
                <span class="reporter-method-output">............Selecting Product from Navigation.........</span>
                <span class="reporter-method-output">............Selecting Electrical Product from Search Box.........</span>
                <span class="reporter-method-output">Moved to : SearchBox and entering value Electrical</span>
                <span class="reporter-method-output">Moved to : Clicked on a Electrical Product</span>
                <span class="reporter-method-output">Moved to : zipcode_popup</span>
                <span class="reporter-method-output">Clicked on zipcode_popup_Go Button</span>
                <span class="reporter-method-output">Moved to : Buildingmaterial_Blocks_ConcreteCover_15mm_AddtoList</span>
                <span class="reporter-method-output">............Selecting Electrical Product from Search Box.........</span>
                <span class="reporter-method-output">Moved to : SearchBox and entering value Electrical</span>
                <span class="reporter-method-output">Moved to : Clicked on a Electrical Product</span>
                <span class="reporter-method-output">............Selecting Product from Home page.........</span>
                <span class="reporter-method-output">............Click on Home Page Icon.........</span>
                <span class="reporter-method-output">............Click on Home Page_Cement product.........</span>
                <span class="reporter-method-output">Moved to Account in Home page</span>
                <span class="reporter-method-output">Clicked on Login Button</span>
                <span class="reporter-method-output">Mobile Number is9555554444</span>
                <span class="reporter-method-output">Entered Mobile Number</span>
                <span class="reporter-method-output">Password isksandeep</span>
                <span class="reporter-method-output">Entered Password</span>
                <span class="reporter-method-output">Clicked on Login Button</span>
              </div> <!-- reporter-method-output-div -->
            </div> <!-- reporter-method-div -->
            <div class="reporter-method-div">
              <span class="reporter-method-name">PlaceOrder_CashOnDelivery(http://staging.msupply.com)</span>
              <div class="reporter-method-output-div">
                <span class="reporter-method-output">Testcase - Place Order through Cash on Delivery</span>
                <span class="reporter-method-output">............Clicked on Close Button on HomePage Popup.........</span>
                <span class="reporter-method-output">............Selecting Product from Navigation.........</span>
                <span class="reporter-method-output">............Selecting Electrical Product from Search Box.........</span>
                <span class="reporter-method-output">Moved to : SearchBox and entering value Electrical</span>
                <span class="reporter-method-output">Moved to : Clicked on a Electrical Product</span>
                <span class="reporter-method-output">Moved to : zipcode_popup</span>
                <span class="reporter-method-output">Clicked on zipcode_popup_Go Button</span>
              </div> <!-- reporter-method-output-div -->
            </div> <!-- reporter-method-div -->
          </div> <!-- main-panel-content rounded-window-bottom -->
        </div> <!-- panel -->
        <div panel-name="ignored-methods-EndToEnd" class="panel">
          <div class="main-panel-header rounded-window-top">
            <span class="header-content">0 ignored methods</span>
          </div> <!-- main-panel-header rounded-window-top -->
          <div class="main-panel-content rounded-window-bottom">
          </div> <!-- main-panel-content rounded-window-bottom -->
        </div> <!-- panel -->
        <div panel-name="chronological-EndToEnd" class="panel">
          <div class="main-panel-header rounded-window-top">
            <span class="header-content">Methods in chronological order</span>
          </div> <!-- main-panel-header rounded-window-top -->
          <div class="main-panel-content rounded-window-bottom">
            <div class="chronological-class">
              <div class="chronological-class-name">SanityTest.Homepage_Test</div> <!-- chronological-class-name -->
              <div class="configuration-test before">
                <span class="method-name">beforeTestCofig</span>
                <span class="method-start">0 ms</span>
              </div> <!-- configuration-test before -->
              <div class="test-method">
                <img src="failed.png">
                </img>
                <span class="method-name">HomePage_verification(http://www.msupply.com)</span>
                <span class="method-start">5107 ms</span>
              </div> <!-- test-method -->
              <div class="configuration-test after">
                <span class="method-name">tearDown</span>
                <span class="method-start">704836 ms</span>
              </div> <!-- configuration-test after -->
            </div> <!-- chronological-class -->
            <div class="chronological-class">
              <div class="chronological-class-name">SanityTest.AddProductsToCart_Test</div> <!-- chronological-class-name -->
              <div class="configuration-test before">
                <span class="method-name">beforeTestCofig</span>
                <span class="method-start">704867 ms</span>
              </div> <!-- configuration-test before -->
              <div class="test-method">
                <span class="method-name">AddProduct(http://www.msupply.com)</span>
                <span class="method-start">708993 ms</span>
              </div> <!-- test-method -->
              <div class="configuration-test after">
                <span class="method-name">tearDown</span>
                <span class="method-start">885030 ms</span>
              </div> <!-- configuration-test after -->
            </div> <!-- chronological-class -->
            <div class="chronological-class">
              <div class="chronological-class-name">SanityTest.PlaceOrder_Cheque_Test</div> <!-- chronological-class-name -->
              <div class="configuration-test before">
                <span class="method-name">beforeTestCofig</span>
                <span class="method-start">885030 ms</span>
              </div> <!-- configuration-test before -->
              <div class="test-method">
                <img src="failed.png">
                </img>
                <span class="method-name">PlaceOrder_CashOnDelivery(http://staging.msupply.com)</span>
                <span class="method-start">889226 ms</span>
              </div> <!-- test-method -->
              <div class="configuration-test after">
                <span class="method-name">tearDown</span>
                <span class="method-start">957231 ms</span>
              </div> <!-- configuration-test after -->
            </div> <!-- chronological-class -->
            <div class="chronological-class">
              <div class="chronological-class-name">SanityTest.Product_MOQ_Verification_Test</div> <!-- chronological-class-name -->
              <div class="configuration-test before">
                <span class="method-name">beforeTestCofig</span>
                <span class="method-start">957246 ms</span>
              </div> <!-- configuration-test before -->
              <div class="test-method">
                <span class="method-name">Product_MOQ_Verification(http://www.msupply.com)</span>
                <span class="method-start">961020 ms</span>
              </div> <!-- test-method -->
              <div class="configuration-test after">
                <span class="method-name">tearDown</span>
                <span class="method-start">1136162 ms</span>
              </div> <!-- configuration-test after -->
            </div> <!-- chronological-class -->
            <div class="chronological-class">
              <div class="chronological-class-name">SanityTest.ServiceChargeCalculation_KartPage_Test</div> <!-- chronological-class-name -->
              <div class="configuration-test before">
                <span class="method-name">beforeTestCofig</span>
                <span class="method-start">1136178 ms</span>
              </div> <!-- configuration-test before -->
              <div class="test-method">
                <img src="failed.png">
                </img>
                <span class="method-name">ServiceChargeCalculation_KartPage(http://www.msupply.com)</span>
                <span class="method-start">1140269 ms</span>
              </div> <!-- test-method -->
              <div class="configuration-test after">
                <span class="method-name">tearDown</span>
                <span class="method-start">1280434 ms</span>
              </div> <!-- configuration-test after -->
            </div> <!-- chronological-class -->
            <div class="chronological-class">
              <div class="chronological-class-name">SanityTest.PaymentMethods_Verification_Test</div> <!-- chronological-class-name -->
              <div class="configuration-test before">
                <span class="method-name">beforeTestCofig</span>
                <span class="method-start">1280446 ms</span>
              </div> <!-- configuration-test before -->
              <div class="test-method">
                <img src="failed.png">
                </img>
                <span class="method-name">PaymentMethods_Verification(http://www.msupply.com)</span>
                <span class="method-start">1284743 ms</span>
              </div> <!-- test-method -->
              <div class="configuration-test after">
                <span class="method-name">tearDown</span>
                <span class="method-start">1430323 ms</span>
              </div> <!-- configuration-test after -->
          </div> <!-- main-panel-content rounded-window-bottom -->
        </div> <!-- panel -->
      </div> <!-- main-panel-root -->
    </div> <!-- wrapper -->
  </body>
</html>
