<?xml version="1.0" encoding="UTF-8"?>
<testng-results skipped="0" failed="4" total="6" passed="2">
  <reporter-output>
    <line>
      <![CDATA[Clicked on Close Button - POPUP]]>
    </line>
    <line>
      <![CDATA[TestCase - for AddProduct to cart]]>
    </line>
    <line>
      <![CDATA[............Clicked on Close Button on HomePage Popup.........]]>
    </line>
    <line>
      <![CDATA[............Selecting Product from Navigation.........]]>
    </line>
    <line>
      <![CDATA[............Selecting Electrical Product from Search Box.........]]>
    </line>
    <line>
      <![CDATA[Moved to : SearchBox and entering value Electrical]]>
    </line>
    <line>
      <![CDATA[Moved to : Clicked on a Electrical Product]]>
    </line>
    <line>
      <![CDATA[Moved to : zipcode_popup]]>
    </line>
    <line>
      <![CDATA[Clicked on zipcode_popup_Go Button]]>
    </line>
    <line>
      <![CDATA[Moved to : Buildingmaterial_Blocks_ConcreteCover_15mm_AddtoList]]>
    </line>
    <line>
      <![CDATA[............Selecting Electrical Product from Search Box.........]]>
    </line>
    <line>
      <![CDATA[Moved to : SearchBox and entering value Electrical]]>
    </line>
    <line>
      <![CDATA[Moved to : Clicked on a Electrical Product]]>
    </line>
    <line>
      <![CDATA[............Selecting Product from Home page.........]]>
    </line>
    <line>
      <![CDATA[............Click on Home Page Icon.........]]>
    </line>
    <line>
      <![CDATA[............Click on Home Page_Cement product.........]]>
    </line>
    <line>
      <![CDATA[Moved to Account in Home page]]>
    </line>
    <line>
      <![CDATA[Clicked on Login Button]]>
    </line>
    <line>
      <![CDATA[Mobile Number is9555554444]]>
    </line>
    <line>
      <![CDATA[Entered Mobile Number]]>
    </line>
    <line>
      <![CDATA[Password isksandeep]]>
    </line>
    <line>
      <![CDATA[Entered Password]]>
    </line>
    <line>
      <![CDATA[Clicked on Login Button]]>
    </line>
    <line>
      <![CDATA[Testcase - Place Order through Cash on Delivery]]>
    </line>
    <line>
      <![CDATA[............Clicked on Close Button on HomePage Popup.........]]>
    </line>
    <line>
      <![CDATA[............Selecting Product from Navigation.........]]>
    </line>
    <line>
      <![CDATA[............Selecting Electrical Product from Search Box.........]]>
    </line>
    <line>
      <![CDATA[Moved to : SearchBox and entering value Electrical]]>
    </line>
    <line>
      <![CDATA[Moved to : Clicked on a Electrical Product]]>
    </line>
    <line>
      <![CDATA[Moved to : zipcode_popup]]>
    </line>
    <line>
      <![CDATA[Clicked on zipcode_popup_Go Button]]>
    </line>
  </reporter-output>
  <suite name="EndToEnd" duration-ms="1430324" started-at="2016-06-01T15:30:05Z" finished-at="2016-06-01T15:53:55Z">
    <groups>
    </groups>
    <test name="SanityTest_HomePage" duration-ms="704836" started-at="2016-06-01T15:30:05Z" finished-at="2016-06-01T15:41:50Z">
      <class name="SanityTest.Homepage_Test">
        <test-method status="PASS" signature="beforeTestCofig()[pri:0, instance:SanityTest.Homepage_Test@1bce4f0a]" name="beforeTestCofig" is-config="true" duration-ms="5102" started-at="2016-06-01T21:00:05Z" finished-at="2016-06-01T21:00:10Z">
          <reporter-output>
          </reporter-output>
        </test-method> <!-- beforeTestCofig -->
        <test-method status="FAIL" signature="HomePage_verification(java.lang.String)[pri:0, instance:SanityTest.Homepage_Test@1bce4f0a]" name="HomePage_verification" duration-ms="699338" started-at="2016-06-01T21:00:10Z" finished-at="2016-06-01T21:11:49Z">
          <params>
            <param index="0">
              <value>
                <![CDATA[http://www.msupply.com]]>
              </value>
            </param>
          </params>
          <exception class="org.openqa.selenium.NoSuchElementException">
            <message>
              <![CDATA[Unable to locate element: {"method":"xpath","selector":"//*[@id='popzip']"}
Command duration or timeout: 37.71 seconds
For documentation on this error, please visit: http://seleniumhq.org/exceptions/no_such_element.html
Build info: version: '2.53.0', revision: '35ae25b1534ae328c771e0856c93e187490ca824', time: '2016-03-15 10:43:46'
System info: host: 'MS-DT-056', ip: '10.1.2.253', os.name: 'Windows 10', os.arch: 'amd64', os.version: '10.0', java.version: '1.8.0_73'
Driver info: org.openqa.selenium.firefox.FirefoxDriver
Capabilities [{applicationCacheEnabled=true, rotatable=false, handlesAlerts=true, databaseEnabled=true, version=46.0.1, platform=WINDOWS, nativeEvents=false, acceptSslCerts=true, webStorageEnabled=true, locationContextEnabled=true, browserName=firefox, takesScreenshot=true, javascriptEnabled=true, cssSelectorsEnabled=true}]
Session ID: 6607a051-297e-4ecf-9505-2ce7ec20d7a6
*** Element info: {Using=xpath, value=//*[@id='popzip']}]]>
            </message>
            <full-stacktrace>
              <![CDATA[org.openqa.selenium.NoSuchElementException: Unable to locate element: {"method":"xpath","selector":"//*[@id='popzip']"}
Command duration or timeout: 37.71 seconds
For documentation on this error, please visit: http://seleniumhq.org/exceptions/no_such_element.html
Build info: version: '2.53.0', revision: '35ae25b1534ae328c771e0856c93e187490ca824', time: '2016-03-15 10:43:46'
System info: host: 'MS-DT-056', ip: '10.1.2.253', os.name: 'Windows 10', os.arch: 'amd64', os.version: '10.0', java.version: '1.8.0_73'
Driver info: org.openqa.selenium.firefox.FirefoxDriver
Capabilities [{applicationCacheEnabled=true, rotatable=false, handlesAlerts=true, databaseEnabled=true, version=46.0.1, platform=WINDOWS, nativeEvents=false, acceptSslCerts=true, webStorageEnabled=true, locationContextEnabled=true, browserName=firefox, takesScreenshot=true, javascriptEnabled=true, cssSelectorsEnabled=true}]
Session ID: 6607a051-297e-4ecf-9505-2ce7ec20d7a6
*** Element info: {Using=xpath, value=//*[@id='popzip']}
	at sun.reflect.NativeConstructorAccessorImpl.newInstance0(Native Method)
	at sun.reflect.NativeConstructorAccessorImpl.newInstance(NativeConstructorAccessorImpl.java:62)
	at sun.reflect.DelegatingConstructorAccessorImpl.newInstance(DelegatingConstructorAccessorImpl.java:45)
	at java.lang.reflect.Constructor.newInstance(Constructor.java:422)
	at org.openqa.selenium.remote.ErrorHandler.createThrowable(ErrorHandler.java:206)
	at org.openqa.selenium.remote.ErrorHandler.throwIfResponseFailed(ErrorHandler.java:158)
	at org.openqa.selenium.remote.RemoteWebDriver.execute(RemoteWebDriver.java:678)
	at org.openqa.selenium.remote.RemoteWebDriver.findElement(RemoteWebDriver.java:363)
	at org.openqa.selenium.remote.RemoteWebDriver.findElementByXPath(RemoteWebDriver.java:500)
	at org.openqa.selenium.By$ByXPath.findElement(By.java:361)
	at org.openqa.selenium.remote.RemoteWebDriver.findElement(RemoteWebDriver.java:355)
	at org.openqa.selenium.support.pagefactory.DefaultElementLocator.findElement(DefaultElementLocator.java:69)
	at org.openqa.selenium.support.pagefactory.internal.LocatingElementHandler.invoke(LocatingElementHandler.java:38)
	at com.sun.proxy.$Proxy6.sendKeys(Unknown Source)
	at POM.HomePage.addCementProductToCart(HomePage.java:933)
	at SanityTest.Homepage_Test.HomePage_verification(Homepage_Test.java:44)
	at sun.reflect.NativeMethodAccessorImpl.invoke0(Native Method)
	at sun.reflect.NativeMethodAccessorImpl.invoke(NativeMethodAccessorImpl.java:62)
	at sun.reflect.DelegatingMethodAccessorImpl.invoke(DelegatingMethodAccessorImpl.java:43)
	at java.lang.reflect.Method.invoke(Method.java:497)
	at org.testng.internal.MethodInvocationHelper.invokeMethod(MethodInvocationHelper.java:86)
	at org.testng.internal.Invoker.invokeMethod(Invoker.java:643)
	at org.testng.internal.Invoker.invokeTestMethod(Invoker.java:820)
	at org.testng.internal.Invoker.invokeTestMethods(Invoker.java:1128)
	at org.testng.internal.TestMethodWorker.invokeTestMethods(TestMethodWorker.java:129)
	at org.testng.internal.TestMethodWorker.run(TestMethodWorker.java:112)
	at org.testng.TestRunner.privateRun(TestRunner.java:782)
	at org.testng.TestRunner.run(TestRunner.java:632)
	at org.testng.SuiteRunner.runTest(SuiteRunner.java:366)
	at org.testng.SuiteRunner.runSequentially(SuiteRunner.java:361)
	at org.testng.SuiteRunner.privateRun(SuiteRunner.java:319)
	at org.testng.SuiteRunner.run(SuiteRunner.java:268)
	at org.testng.SuiteRunnerWorker.runSuite(SuiteRunnerWorker.java:52)
	at org.testng.SuiteRunnerWorker.run(SuiteRunnerWorker.java:86)
	at org.testng.TestNG.runSuitesSequentially(TestNG.java:1244)
	at org.testng.TestNG.runSuitesLocally(TestNG.java:1169)
	at org.testng.TestNG.run(TestNG.java:1064)
	at org.apache.maven.surefire.testng.TestNGExecutor.run(TestNGExecutor.java:281)
	at org.apache.maven.surefire.testng.TestNGXmlTestSuite.execute(TestNGXmlTestSuite.java:75)
	at org.apache.maven.surefire.testng.TestNGProvider.invoke(TestNGProvider.java:121)
	at org.apache.maven.surefire.booter.ForkedBooter.invokeProviderInSameClassLoader(ForkedBooter.java:290)
	at org.apache.maven.surefire.booter.ForkedBooter.runSuitesInProcess(ForkedBooter.java:242)
	at org.apache.maven.surefire.booter.ForkedBooter.main(ForkedBooter.java:121)
Caused by: org.openqa.selenium.NoSuchElementException: Unable to locate element: {"method":"xpath","selector":"//*[@id='popzip']"}
For documentation on this error, please visit: http://seleniumhq.org/exceptions/no_such_element.html
Build info: version: '2.53.0', revision: '35ae25b1534ae328c771e0856c93e187490ca824', time: '2016-03-15 10:43:46'
System info: host: 'MS-DT-056', ip: '10.1.2.253', os.name: 'Windows 10', os.arch: 'amd64', os.version: '10.0', java.version: '1.8.0_73'
Driver info: driver.version: unknown
	at <anonymous class>.FirefoxDriver.prototype.findElementInternal_(file:///C:/Users/SANDEE~1/AppData/Local/Temp/anonymous6263521375978411305webdriver-profile/extensions/fxdriver@googlecode.com/components/driver-component.js:10770)
	at <anonymous class>.fxdriver.Timer.prototype.setTimeout/<.notify(file:///C:/Users/SANDEE~1/AppData/Local/Temp/anonymous6263521375978411305webdriver-profile/extensions/fxdriver@googlecode.com/components/driver-component.js:625)
]]>
            </full-stacktrace>
          </exception> <!-- org.openqa.selenium.NoSuchElementException -->
          <reporter-output>
            <line>
              <![CDATA[Clicked on Close Button - POPUP]]>
            </line>
          </reporter-output>
        </test-method> <!-- HomePage_verification -->
        <test-method status="PASS" signature="tearDown()[pri:0, instance:SanityTest.Homepage_Test@1bce4f0a]" name="tearDown" is-config="true" duration-ms="0" started-at="2016-06-01T21:11:50Z" finished-at="2016-06-01T21:11:50Z">
          <reporter-output>
          </reporter-output>
        </test-method> <!-- tearDown -->
      </class> <!-- SanityTest.Homepage_Test -->
    </test> <!-- SanityTest_HomePage -->
    <test name="SanityTest_AddProducts_To_cart" duration-ms="180163" started-at="2016-06-01T15:41:50Z" finished-at="2016-06-01T15:44:50Z">
      <class name="SanityTest.AddProductsToCart_Test">
        <test-method status="PASS" signature="beforeTestCofig()[pri:0, instance:SanityTest.AddProductsToCart_Test@e25b2fe]" name="beforeTestCofig" is-config="true" duration-ms="4126" started-at="2016-06-01T21:11:50Z" finished-at="2016-06-01T21:11:54Z">
          <reporter-output>
          </reporter-output>
        </test-method> <!-- beforeTestCofig -->
        <test-method status="PASS" signature="AddProduct(java.lang.String)[pri:0, instance:SanityTest.AddProductsToCart_Test@e25b2fe]" name="AddProduct" duration-ms="175802" started-at="2016-06-01T21:11:54Z" finished-at="2016-06-01T21:14:50Z">
          <params>
            <param index="0">
              <value>
                <![CDATA[http://www.msupply.com]]>
              </value>
            </param>
          </params>
          <reporter-output>
            <line>
              <![CDATA[TestCase - for AddProduct to cart]]>
            </line>
            <line>
              <![CDATA[............Clicked on Close Button on HomePage Popup.........]]>
            </line>
            <line>
              <![CDATA[............Selecting Product from Navigation.........]]>
            </line>
            <line>
              <![CDATA[............Selecting Electrical Product from Search Box.........]]>
            </line>
            <line>
              <![CDATA[Moved to : SearchBox and entering value Electrical]]>
            </line>
            <line>
              <![CDATA[Moved to : Clicked on a Electrical Product]]>
            </line>
            <line>
              <![CDATA[Moved to : zipcode_popup]]>
            </line>
            <line>
              <![CDATA[Clicked on zipcode_popup_Go Button]]>
            </line>
            <line>
              <![CDATA[Moved to : Buildingmaterial_Blocks_ConcreteCover_15mm_AddtoList]]>
            </line>
            <line>
              <![CDATA[............Selecting Electrical Product from Search Box.........]]>
            </line>
            <line>
              <![CDATA[Moved to : SearchBox and entering value Electrical]]>
            </line>
            <line>
              <![CDATA[Moved to : Clicked on a Electrical Product]]>
            </line>
            <line>
              <![CDATA[............Selecting Product from Home page.........]]>
            </line>
            <line>
              <![CDATA[............Click on Home Page Icon.........]]>
            </line>
            <line>
              <![CDATA[............Click on Home Page_Cement product.........]]>
            </line>
            <line>
              <![CDATA[Moved to Account in Home page]]>
            </line>
            <line>
              <![CDATA[Clicked on Login Button]]>
            </line>
            <line>
              <![CDATA[Mobile Number is9555554444]]>
            </line>
            <line>
              <![CDATA[Entered Mobile Number]]>
            </line>
            <line>
              <![CDATA[Password isksandeep]]>
            </line>
            <line>
              <![CDATA[Entered Password]]>
            </line>
            <line>
              <![CDATA[Clicked on Login Button]]>
            </line>
          </reporter-output>
        </test-method> <!-- AddProduct -->
        <test-method status="PASS" signature="tearDown()[pri:0, instance:SanityTest.AddProductsToCart_Test@e25b2fe]" name="tearDown" is-config="true" duration-ms="0" started-at="2016-06-01T21:14:50Z" finished-at="2016-06-01T21:14:50Z">
          <reporter-output>
          </reporter-output>
        </test-method> <!-- tearDown -->
      </class> <!-- SanityTest.AddProductsToCart_Test -->
    </test> <!-- SanityTest_AddProducts_To_cart -->
    <test name="SanityTest" duration-ms="72201" started-at="2016-06-01T15:44:50Z" finished-at="2016-06-01T15:46:02Z">
      <class name="SanityTest.PlaceOrder_Cheque_Test">
        <test-method status="PASS" signature="beforeTestCofig()[pri:0, instance:SanityTest.PlaceOrder_Cheque_Test@13deb50e]" name="beforeTestCofig" is-config="true" duration-ms="4196" started-at="2016-06-01T21:14:50Z" finished-at="2016-06-01T21:14:54Z">
          <reporter-output>
          </reporter-output>
        </test-method> <!-- beforeTestCofig -->
        <test-method status="FAIL" signature="PlaceOrder_CashOnDelivery(java.lang.String)[pri:0, instance:SanityTest.PlaceOrder_Cheque_Test@13deb50e]" name="PlaceOrder_CashOnDelivery" duration-ms="67833" started-at="2016-06-01T21:14:54Z" finished-at="2016-06-01T21:16:02Z">
          <params>
            <param index="0">
              <value>
                <![CDATA[http://staging.msupply.com]]>
              </value>
            </param>
          </params>
          <exception class="org.openqa.selenium.NoSuchElementException">
            <message>
              <![CDATA[Unable to locate element: {"method":"xpath","selector":"//div[@id='seller_choosen']/div/div[3]/button[2]"}
Command duration or timeout: 30.02 seconds
For documentation on this error, please visit: http://seleniumhq.org/exceptions/no_such_element.html
Build info: version: '2.53.0', revision: '35ae25b1534ae328c771e0856c93e187490ca824', time: '2016-03-15 10:43:46'
System info: host: 'MS-DT-056', ip: '10.1.2.253', os.name: 'Windows 10', os.arch: 'amd64', os.version: '10.0', java.version: '1.8.0_73'
Driver info: org.openqa.selenium.firefox.FirefoxDriver
Capabilities [{applicationCacheEnabled=true, rotatable=false, handlesAlerts=true, databaseEnabled=true, version=46.0.1, platform=WINDOWS, nativeEvents=false, acceptSslCerts=true, webStorageEnabled=true, locationContextEnabled=true, browserName=firefox, takesScreenshot=true, javascriptEnabled=true, cssSelectorsEnabled=true}]
Session ID: 8470c458-dae4-46f8-ab45-1cdde1b9e693
*** Element info: {Using=xpath, value=//div[@id='seller_choosen']/div/div[3]/button[2]}]]>
            </message>
            <full-stacktrace>
              <![CDATA[org.openqa.selenium.NoSuchElementException: Unable to locate element: {"method":"xpath","selector":"//div[@id='seller_choosen']/div/div[3]/button[2]"}
Command duration or timeout: 30.02 seconds
For documentation on this error, please visit: http://seleniumhq.org/exceptions/no_such_element.html
Build info: version: '2.53.0', revision: '35ae25b1534ae328c771e0856c93e187490ca824', time: '2016-03-15 10:43:46'
System info: host: 'MS-DT-056', ip: '10.1.2.253', os.name: 'Windows 10', os.arch: 'amd64', os.version: '10.0', java.version: '1.8.0_73'
Driver info: org.openqa.selenium.firefox.FirefoxDriver
Capabilities [{applicationCacheEnabled=true, rotatable=false, handlesAlerts=true, databaseEnabled=true, version=46.0.1, platform=WINDOWS, nativeEvents=false, acceptSslCerts=true, webStorageEnabled=true, locationContextEnabled=true, browserName=firefox, takesScreenshot=true, javascriptEnabled=true, cssSelectorsEnabled=true}]
Session ID: 8470c458-dae4-46f8-ab45-1cdde1b9e693
*** Element info: {Using=xpath, value=//div[@id='seller_choosen']/div/div[3]/button[2]}
	at sun.reflect.NativeConstructorAccessorImpl.newInstance0(Native Method)
	at sun.reflect.NativeConstructorAccessorImpl.newInstance(NativeConstructorAccessorImpl.java:62)
	at sun.reflect.DelegatingConstructorAccessorImpl.newInstance(DelegatingConstructorAccessorImpl.java:45)
	at java.lang.reflect.Constructor.newInstance(Constructor.java:422)
	at org.openqa.selenium.remote.ErrorHandler.createThrowable(ErrorHandler.java:206)
	at org.openqa.selenium.remote.ErrorHandler.throwIfResponseFailed(ErrorHandler.java:158)
	at org.openqa.selenium.remote.RemoteWebDriver.execute(RemoteWebDriver.java:678)
	at org.openqa.selenium.remote.RemoteWebDriver.findElement(RemoteWebDriver.java:363)
	at org.openqa.selenium.remote.RemoteWebDriver.findElementByXPath(RemoteWebDriver.java:500)
	at org.openqa.selenium.By$ByXPath.findElement(By.java:361)
	at org.openqa.selenium.remote.RemoteWebDriver.findElement(RemoteWebDriver.java:355)
	at org.openqa.selenium.support.pagefactory.DefaultElementLocator.findElement(DefaultElementLocator.java:69)
	at org.openqa.selenium.support.pagefactory.internal.LocatingElementHandler.invoke(LocatingElementHandler.java:38)
	at com.sun.proxy.$Proxy6.click(Unknown Source)
	at POM.HomePage.SelectProducts(HomePage.java:266)
	at SanityTest.PlaceOrder_Cheque_Test.PlaceOrder_CashOnDelivery(PlaceOrder_Cheque_Test.java:27)
	at sun.reflect.NativeMethodAccessorImpl.invoke0(Native Method)
	at sun.reflect.NativeMethodAccessorImpl.invoke(NativeMethodAccessorImpl.java:62)
	at sun.reflect.DelegatingMethodAccessorImpl.invoke(DelegatingMethodAccessorImpl.java:43)
	at java.lang.reflect.Method.invoke(Method.java:497)
	at org.testng.internal.MethodInvocationHelper.invokeMethod(MethodInvocationHelper.java:86)
	at org.testng.internal.Invoker.invokeMethod(Invoker.java:643)
	at org.testng.internal.Invoker.invokeTestMethod(Invoker.java:820)
	at org.testng.internal.Invoker.invokeTestMethods(Invoker.java:1128)
	at org.testng.internal.TestMethodWorker.invokeTestMethods(TestMethodWorker.java:129)
	at org.testng.internal.TestMethodWorker.run(TestMethodWorker.java:112)
	at org.testng.TestRunner.privateRun(TestRunner.java:782)
	at org.testng.TestRunner.run(TestRunner.java:632)
	at org.testng.SuiteRunner.runTest(SuiteRunner.java:366)
	at org.testng.SuiteRunner.runSequentially(SuiteRunner.java:361)
	at org.testng.SuiteRunner.privateRun(SuiteRunner.java:319)
	at org.testng.SuiteRunner.run(SuiteRunner.java:268)
	at org.testng.SuiteRunnerWorker.runSuite(SuiteRunnerWorker.java:52)
	at org.testng.SuiteRunnerWorker.run(SuiteRunnerWorker.java:86)
	at org.testng.TestNG.runSuitesSequentially(TestNG.java:1244)
	at org.testng.TestNG.runSuitesLocally(TestNG.java:1169)
	at org.testng.TestNG.run(TestNG.java:1064)
	at org.apache.maven.surefire.testng.TestNGExecutor.run(TestNGExecutor.java:281)
	at org.apache.maven.surefire.testng.TestNGXmlTestSuite.execute(TestNGXmlTestSuite.java:75)
	at org.apache.maven.surefire.testng.TestNGProvider.invoke(TestNGProvider.java:121)
	at org.apache.maven.surefire.booter.ForkedBooter.invokeProviderInSameClassLoader(ForkedBooter.java:290)
	at org.apache.maven.surefire.booter.ForkedBooter.runSuitesInProcess(ForkedBooter.java:242)
	at org.apache.maven.surefire.booter.ForkedBooter.main(ForkedBooter.java:121)
Caused by: org.openqa.selenium.NoSuchElementException: Unable to locate element: {"method":"xpath","selector":"//div[@id='seller_choosen']/div/div[3]/button[2]"}
For documentation on this error, please visit: http://seleniumhq.org/exceptions/no_such_element.html
Build info: version: '2.53.0', revision: '35ae25b1534ae328c771e0856c93e187490ca824', time: '2016-03-15 10:43:46'
System info: host: 'MS-DT-056', ip: '10.1.2.253', os.name: 'Windows 10', os.arch: 'amd64', os.version: '10.0', java.version: '1.8.0_73'
Driver info: driver.version: unknown
	at <anonymous class>.FirefoxDriver.prototype.findElementInternal_(file:///C:/Users/SANDEE~1/AppData/Local/Temp/anonymous4178822050066659959webdriver-profile/extensions/fxdriver@googlecode.com/components/driver-component.js:10770)
	at <anonymous class>.fxdriver.Timer.prototype.setTimeout/<.notify(file:///C:/Users/SANDEE~1/AppData/Local/Temp/anonymous4178822050066659959webdriver-profile/extensions/fxdriver@googlecode.com/components/driver-component.js:625)
]]>
            </full-stacktrace>
          </exception> <!-- org.openqa.selenium.NoSuchElementException -->
          <reporter-output>
            <line>
              <![CDATA[Testcase - Place Order through Cash on Delivery]]>
            </line>
            <line>
              <![CDATA[............Clicked on Close Button on HomePage Popup.........]]>
            </line>
            <line>
              <![CDATA[............Selecting Product from Navigation.........]]>
            </line>
            <line>
              <![CDATA[............Selecting Electrical Product from Search Box.........]]>
            </line>
            <line>
              <![CDATA[Moved to : SearchBox and entering value Electrical]]>
            </line>
            <line>
              <![CDATA[Moved to : Clicked on a Electrical Product]]>
            </line>
            <line>
              <![CDATA[Moved to : zipcode_popup]]>
            </line>
            <line>
              <![CDATA[Clicked on zipcode_popup_Go Button]]>
            </line>
          </reporter-output>
        </test-method> <!-- PlaceOrder_CashOnDelivery -->
        <test-method status="PASS" signature="tearDown()[pri:0, instance:SanityTest.PlaceOrder_Cheque_Test@13deb50e]" name="tearDown" is-config="true" duration-ms="0" started-at="2016-06-01T21:16:02Z" finished-at="2016-06-01T21:16:02Z">
          <reporter-output>
          </reporter-output>
        </test-method> <!-- tearDown -->
      </class> <!-- SanityTest.PlaceOrder_Cheque_Test -->
    </test> <!-- SanityTest -->
    <test name="SanityTest_MOQ_Verification" duration-ms="178916" started-at="2016-06-01T15:46:02Z" finished-at="2016-06-01T15:49:01Z">
      <class name="SanityTest.Product_MOQ_Verification_Test">
        <test-method status="PASS" signature="beforeTestCofig()[pri:0, instance:SanityTest.Product_MOQ_Verification_Test@14bf9759]" name="beforeTestCofig" is-config="true" duration-ms="3774" started-at="2016-06-01T21:16:02Z" finished-at="2016-06-01T21:16:06Z">
          <reporter-output>
          </reporter-output>
        </test-method> <!-- beforeTestCofig -->
        <test-method status="PASS" signature="Product_MOQ_Verification(java.lang.String)[pri:0, instance:SanityTest.Product_MOQ_Verification_Test@14bf9759]" name="Product_MOQ_Verification" duration-ms="174846" started-at="2016-06-01T21:16:06Z" finished-at="2016-06-01T21:19:01Z">
          <params>
            <param index="0">
              <value>
                <![CDATA[http://www.msupply.com]]>
              </value>
            </param>
          </params>
          <reporter-output>
          </reporter-output>
        </test-method> <!-- Product_MOQ_Verification -->
        <test-method status="PASS" signature="tearDown()[pri:0, instance:SanityTest.Product_MOQ_Verification_Test@14bf9759]" name="tearDown" is-config="true" duration-ms="0" started-at="2016-06-01T21:19:01Z" finished-at="2016-06-01T21:19:01Z">
          <reporter-output>
          </reporter-output>
        </test-method> <!-- tearDown -->
      </class> <!-- SanityTest.Product_MOQ_Verification_Test -->
    </test> <!-- SanityTest_MOQ_Verification -->
    <test name="SanityTest_cartPage" duration-ms="144256" started-at="2016-06-01T15:49:01Z" finished-at="2016-06-01T15:51:25Z">
      <class name="SanityTest.ServiceChargeCalculation_KartPage_Test">
        <test-method status="PASS" signature="beforeTestCofig()[pri:0, instance:SanityTest.ServiceChargeCalculation_KartPage_Test@6500df86]" name="beforeTestCofig" is-config="true" duration-ms="4090" started-at="2016-06-01T21:19:01Z" finished-at="2016-06-01T21:19:05Z">
          <reporter-output>
          </reporter-output>
        </test-method> <!-- beforeTestCofig -->
        <test-method status="FAIL" signature="ServiceChargeCalculation_KartPage(java.lang.String)[pri:0, instance:SanityTest.ServiceChargeCalculation_KartPage_Test@6500df86]" name="ServiceChargeCalculation_KartPage" duration-ms="139986" started-at="2016-06-01T21:19:05Z" finished-at="2016-06-01T21:21:25Z">
          <params>
            <param index="0">
              <value>
                <![CDATA[http://www.msupply.com]]>
              </value>
            </param>
          </params>
          <exception class="java.lang.AssertionError">
            <message>
              <![CDATA[expected [17123] but found [17122]]]>
            </message>
            <full-stacktrace>
              <![CDATA[java.lang.AssertionError: expected [17123] but found [17122]
	at org.testng.Assert.fail(Assert.java:94)
	at org.testng.Assert.failNotEquals(Assert.java:513)
	at org.testng.Assert.assertEqualsImpl(Assert.java:135)
	at org.testng.Assert.assertEquals(Assert.java:116)
	at org.testng.Assert.assertEquals(Assert.java:389)
	at org.testng.Assert.assertEquals(Assert.java:399)
	at POM.ShoppingCartPage.cart(ShoppingCartPage.java:140)
	at POM.HomePage.SelectProductsforKartVerification(HomePage.java:360)
	at SanityTest.ServiceChargeCalculation_KartPage_Test.ServiceChargeCalculation_KartPage(ServiceChargeCalculation_KartPage_Test.java:36)
	at sun.reflect.NativeMethodAccessorImpl.invoke0(Native Method)
	at sun.reflect.NativeMethodAccessorImpl.invoke(NativeMethodAccessorImpl.java:62)
	at sun.reflect.DelegatingMethodAccessorImpl.invoke(DelegatingMethodAccessorImpl.java:43)
	at java.lang.reflect.Method.invoke(Method.java:497)
	at org.testng.internal.MethodInvocationHelper.invokeMethod(MethodInvocationHelper.java:86)
	at org.testng.internal.Invoker.invokeMethod(Invoker.java:643)
	at org.testng.internal.Invoker.invokeTestMethod(Invoker.java:820)
	at org.testng.internal.Invoker.invokeTestMethods(Invoker.java:1128)
	at org.testng.internal.TestMethodWorker.invokeTestMethods(TestMethodWorker.java:129)
	at org.testng.internal.TestMethodWorker.run(TestMethodWorker.java:112)
	at org.testng.TestRunner.privateRun(TestRunner.java:782)
	at org.testng.TestRunner.run(TestRunner.java:632)
	at org.testng.SuiteRunner.runTest(SuiteRunner.java:366)
	at org.testng.SuiteRunner.runSequentially(SuiteRunner.java:361)
	at org.testng.SuiteRunner.privateRun(SuiteRunner.java:319)
	at org.testng.SuiteRunner.run(SuiteRunner.java:268)
	at org.testng.SuiteRunnerWorker.runSuite(SuiteRunnerWorker.java:52)
	at org.testng.SuiteRunnerWorker.run(SuiteRunnerWorker.java:86)
	at org.testng.TestNG.runSuitesSequentially(TestNG.java:1244)
	at org.testng.TestNG.runSuitesLocally(TestNG.java:1169)
	at org.testng.TestNG.run(TestNG.java:1064)
	at org.apache.maven.surefire.testng.TestNGExecutor.run(TestNGExecutor.java:281)
	at org.apache.maven.surefire.testng.TestNGXmlTestSuite.execute(TestNGXmlTestSuite.java:75)
	at org.apache.maven.surefire.testng.TestNGProvider.invoke(TestNGProvider.java:121)
	at org.apache.maven.surefire.booter.ForkedBooter.invokeProviderInSameClassLoader(ForkedBooter.java:290)
	at org.apache.maven.surefire.booter.ForkedBooter.runSuitesInProcess(ForkedBooter.java:242)
	at org.apache.maven.surefire.booter.ForkedBooter.main(ForkedBooter.java:121)
]]>
            </full-stacktrace>
          </exception> <!-- java.lang.AssertionError -->
          <reporter-output>
          </reporter-output>
        </test-method> <!-- ServiceChargeCalculation_KartPage -->
        <test-method status="PASS" signature="tearDown()[pri:0, instance:SanityTest.ServiceChargeCalculation_KartPage_Test@6500df86]" name="tearDown" is-config="true" duration-ms="0" started-at="2016-06-01T21:21:25Z" finished-at="2016-06-01T21:21:25Z">
          <reporter-output>
          </reporter-output>
        </test-method> <!-- tearDown -->
      </class> <!-- SanityTest.ServiceChargeCalculation_KartPage_Test -->
    </test> <!-- SanityTest_cartPage -->
    <test name="SanityTest_PaymentMethods" duration-ms="149878" started-at="2016-06-01T15:51:25Z" finished-at="2016-06-01T15:53:55Z">
      <class name="SanityTest.PaymentMethods_Verification_Test">
        <test-method status="PASS" signature="beforeTestCofig()[pri:0, instance:SanityTest.PaymentMethods_Verification_Test@7085bdee]" name="beforeTestCofig" is-config="true" duration-ms="4297" started-at="2016-06-01T21:21:25Z" finished-at="2016-06-01T21:21:29Z">
          <reporter-output>
          </reporter-output>
        </test-method> <!-- beforeTestCofig -->
        <test-method status="FAIL" signature="PaymentMethods_Verification(java.lang.String)[pri:0, instance:SanityTest.PaymentMethods_Verification_Test@7085bdee]" name="PaymentMethods_Verification" duration-ms="145399" started-at="2016-06-01T21:21:29Z" finished-at="2016-06-01T21:23:55Z">
          <params>
            <param index="0">
              <value>
                <![CDATA[http://www.msupply.com]]>
              </value>
            </param>
          </params>
          <exception class="java.lang.AssertionError">
            <message>
              <![CDATA[expected [17123] but found [17122]]]>
            </message>
            <full-stacktrace>
              <![CDATA[java.lang.AssertionError: expected [17123] but found [17122]
	at org.testng.Assert.fail(Assert.java:94)
	at org.testng.Assert.failNotEquals(Assert.java:513)
	at org.testng.Assert.assertEqualsImpl(Assert.java:135)
	at org.testng.Assert.assertEquals(Assert.java:116)
	at org.testng.Assert.assertEquals(Assert.java:389)
	at org.testng.Assert.assertEquals(Assert.java:399)
	at POM.ShoppingCartPage.cart(ShoppingCartPage.java:140)
	at POM.HomePage.SelectProductsforKartVerification(HomePage.java:360)
	at SanityTest.PaymentMethods_Verification_Test.PaymentMethods_Verification(PaymentMethods_Verification_Test.java:25)
	at sun.reflect.NativeMethodAccessorImpl.invoke0(Native Method)
	at sun.reflect.NativeMethodAccessorImpl.invoke(NativeMethodAccessorImpl.java:62)
	at sun.reflect.DelegatingMethodAccessorImpl.invoke(DelegatingMethodAccessorImpl.java:43)
	at java.lang.reflect.Method.invoke(Method.java:497)
	at org.testng.internal.MethodInvocationHelper.invokeMethod(MethodInvocationHelper.java:86)
	at org.testng.internal.Invoker.invokeMethod(Invoker.java:643)
	at org.testng.internal.Invoker.invokeTestMethod(Invoker.java:820)
	at org.testng.internal.Invoker.invokeTestMethods(Invoker.java:1128)
	at org.testng.internal.TestMethodWorker.invokeTestMethods(TestMethodWorker.java:129)
	at org.testng.internal.TestMethodWorker.run(TestMethodWorker.java:112)
	at org.testng.TestRunner.privateRun(TestRunner.java:782)
	at org.testng.TestRunner.run(TestRunner.java:632)
	at org.testng.SuiteRunner.runTest(SuiteRunner.java:366)
	at org.testng.SuiteRunner.runSequentially(SuiteRunner.java:361)
	at org.testng.SuiteRunner.privateRun(SuiteRunner.java:319)
	at org.testng.SuiteRunner.run(SuiteRunner.java:268)
	at org.testng.SuiteRunnerWorker.runSuite(SuiteRunnerWorker.java:52)
	at org.testng.SuiteRunnerWorker.run(SuiteRunnerWorker.java:86)
	at org.testng.TestNG.runSuitesSequentially(TestNG.java:1244)
	at org.testng.TestNG.runSuitesLocally(TestNG.java:1169)
	at org.testng.TestNG.run(TestNG.java:1064)
	at org.apache.maven.surefire.testng.TestNGExecutor.run(TestNGExecutor.java:281)
	at org.apache.maven.surefire.testng.TestNGXmlTestSuite.execute(TestNGXmlTestSuite.java:75)
	at org.apache.maven.surefire.testng.TestNGProvider.invoke(TestNGProvider.java:121)
	at org.apache.maven.surefire.booter.ForkedBooter.invokeProviderInSameClassLoader(ForkedBooter.java:290)
	at org.apache.maven.surefire.booter.ForkedBooter.runSuitesInProcess(ForkedBooter.java:242)
	at org.apache.maven.surefire.booter.ForkedBooter.main(ForkedBooter.java:121)
]]>
            </full-stacktrace>
          </exception> <!-- java.lang.AssertionError -->
          <reporter-output>
          </reporter-output>
        </test-method> <!-- PaymentMethods_Verification -->
        <test-method status="PASS" signature="tearDown()[pri:0, instance:SanityTest.PaymentMethods_Verification_Test@7085bdee]" name="tearDown" is-config="true" duration-ms="1" started-at="2016-06-01T21:23:55Z" finished-at="2016-06-01T21:23:55Z">
          <reporter-output>
          </reporter-output>
        </test-method> <!-- tearDown -->
      </class> <!-- SanityTest.PaymentMethods_Verification_Test -->
    </test> <!-- SanityTest_PaymentMethods -->
  </suite> <!-- EndToEnd -->
</testng-results>
